{"/home/ayush/Desktop/Coursera/Backend/app.js": {"path":"/home/ayush/Desktop/Coursera/Backend/app.js","statementMap":{"0":{"start":{"line":1,"column":13},"end":{"line":1,"column":28}},"1":{"start":{"line":2,"column":13},"end":{"line":2,"column":28}},"2":{"start":{"line":3,"column":0},"end":{"line":3,"column":26}},"3":{"start":{"line":5,"column":14},"end":{"line":5,"column":30}},"4":{"start":{"line":6,"column":17},"end":{"line":6,"column":36}},"5":{"start":{"line":8,"column":16},"end":{"line":8,"column":34}},"6":{"start":{"line":9,"column":19},"end":{"line":9,"column":41}},"7":{"start":{"line":11,"column":17},"end":{"line":11,"column":37}},"8":{"start":{"line":13,"column":15},"end":{"line":13,"column":41}},"9":{"start":{"line":15,"column":19},"end":{"line":15,"column":43}},"10":{"start":{"line":16,"column":20},"end":{"line":16,"column":47}},"11":{"start":{"line":17,"column":18},"end":{"line":17,"column":46}},"12":{"start":{"line":18,"column":19},"end":{"line":18,"column":49}},"13":{"start":{"line":19,"column":18},"end":{"line":19,"column":44}},"14":{"start":{"line":23,"column":19},"end":{"line":23,"column":32}},"15":{"start":{"line":24,"column":12},"end":{"line":24,"column":21}},"16":{"start":{"line":25,"column":15},"end":{"line":25,"column":37}},"17":{"start":{"line":26,"column":11},"end":{"line":26,"column":27}},"18":{"start":{"line":28,"column":15},"end":{"line":32,"column":2}},"19":{"start":{"line":34,"column":0},"end":{"line":136,"column":2}},"20":{"start":{"line":37,"column":2},"end":{"line":98,"column":4}},"21":{"start":{"line":38,"column":4},"end":{"line":38,"column":38}},"22":{"start":{"line":39,"column":16},"end":{"line":39,"column":21}},"23":{"start":{"line":40,"column":14},"end":{"line":40,"column":32}},"24":{"start":{"line":43,"column":4},"end":{"line":95,"column":5}},"25":{"start":{"line":44,"column":6},"end":{"line":85,"column":7}},"26":{"start":{"line":45,"column":8},"end":{"line":84,"column":9}},"27":{"start":{"line":46,"column":10},"end":{"line":46,"column":24}},"28":{"start":{"line":49,"column":10},"end":{"line":49,"column":52}},"29":{"start":{"line":50,"column":24},"end":{"line":50,"column":26}},"30":{"start":{"line":52,"column":10},"end":{"line":62,"column":12}},"31":{"start":{"line":53,"column":14},"end":{"line":53,"column":36}},"32":{"start":{"line":54,"column":14},"end":{"line":54,"column":32}},"33":{"start":{"line":56,"column":14},"end":{"line":60,"column":15}},"34":{"start":{"line":57,"column":16},"end":{"line":57,"column":46}},"35":{"start":{"line":58,"column":16},"end":{"line":58,"column":51}},"36":{"start":{"line":59,"column":16},"end":{"line":59,"column":49}},"37":{"start":{"line":63,"column":10},"end":{"line":63,"column":28}},"38":{"start":{"line":65,"column":10},"end":{"line":71,"column":11}},"39":{"start":{"line":66,"column":16},"end":{"line":66,"column":29}},"40":{"start":{"line":67,"column":16},"end":{"line":67,"column":39}},"41":{"start":{"line":68,"column":16},"end":{"line":68,"column":41}},"42":{"start":{"line":69,"column":16},"end":{"line":69,"column":46}},"43":{"start":{"line":73,"column":10},"end":{"line":73,"column":72}},"44":{"start":{"line":74,"column":10},"end":{"line":74,"column":27}},"45":{"start":{"line":75,"column":10},"end":{"line":80,"column":11}},"46":{"start":{"line":82,"column":10},"end":{"line":82,"column":165}},"47":{"start":{"line":83,"column":10},"end":{"line":83,"column":24}},"48":{"start":{"line":88,"column":6},"end":{"line":94,"column":9}},"49":{"start":{"line":89,"column":8},"end":{"line":93,"column":9}},"50":{"start":{"line":90,"column":8},"end":{"line":90,"column":22}},"51":{"start":{"line":92,"column":10},"end":{"line":92,"column":52}},"52":{"start":{"line":97,"column":4},"end":{"line":97,"column":14}},"53":{"start":{"line":100,"column":2},"end":{"line":131,"column":4}},"54":{"start":{"line":102,"column":17},"end":{"line":102,"column":72}},"55":{"start":{"line":104,"column":4},"end":{"line":121,"column":4}},"56":{"start":{"line":105,"column":6},"end":{"line":111,"column":5}},"57":{"start":{"line":106,"column":8},"end":{"line":110,"column":9}},"58":{"start":{"line":107,"column":8},"end":{"line":107,"column":21}},"59":{"start":{"line":109,"column":10},"end":{"line":109,"column":39}},"60":{"start":{"line":114,"column":6},"end":{"line":120,"column":9}},"61":{"start":{"line":115,"column":8},"end":{"line":119,"column":9}},"62":{"start":{"line":116,"column":8},"end":{"line":116,"column":21}},"63":{"start":{"line":118,"column":10},"end":{"line":118,"column":38}},"64":{"start":{"line":122,"column":4},"end":{"line":127,"column":6}},"65":{"start":{"line":123,"column":6},"end":{"line":123,"column":41}},"66":{"start":{"line":124,"column":6},"end":{"line":126,"column":7}},"67":{"start":{"line":125,"column":8},"end":{"line":125,"column":24}},"68":{"start":{"line":128,"column":4},"end":{"line":128,"column":68}},"69":{"start":{"line":129,"column":4},"end":{"line":129,"column":83}},"70":{"start":{"line":130,"column":4},"end":{"line":130,"column":14}},"71":{"start":{"line":133,"column":2},"end":{"line":135,"column":4}},"72":{"start":{"line":134,"column":4},"end":{"line":134,"column":31}},"73":{"start":{"line":140,"column":0},"end":{"line":140,"column":27}},"74":{"start":{"line":141,"column":0},"end":{"line":141,"column":56}},"75":{"start":{"line":142,"column":0},"end":{"line":142,"column":66}},"76":{"start":{"line":143,"column":0},"end":{"line":143,"column":66}},"77":{"start":{"line":144,"column":0},"end":{"line":144,"column":63}},"78":{"start":{"line":146,"column":0},"end":{"line":151,"column":2}},"79":{"start":{"line":147,"column":2},"end":{"line":147,"column":51}},"80":{"start":{"line":148,"column":2},"end":{"line":148,"column":84}},"81":{"start":{"line":149,"column":2},"end":{"line":149,"column":53}},"82":{"start":{"line":150,"column":2},"end":{"line":150,"column":9}},"83":{"start":{"line":154,"column":0},"end":{"line":154,"column":20}},"84":{"start":{"line":155,"column":0},"end":{"line":155,"column":23}},"85":{"start":{"line":156,"column":0},"end":{"line":156,"column":20}},"86":{"start":{"line":157,"column":0},"end":{"line":157,"column":22}},"87":{"start":{"line":158,"column":0},"end":{"line":158,"column":21}},"88":{"start":{"line":160,"column":0},"end":{"line":170,"column":1}},"89":{"start":{"line":161,"column":2},"end":{"line":169,"column":7}},"90":{"start":{"line":164,"column":10},"end":{"line":164,"column":30}},"91":{"start":{"line":165,"column":10},"end":{"line":165,"column":40}},"92":{"start":{"line":168,"column":6},"end":{"line":168,"column":23}},"93":{"start":{"line":172,"column":0},"end":{"line":172,"column":21}}},"fnMap":{"0":{"name":"(anonymous_0)","decl":{"start":{"line":34,"column":16},"end":{"line":34,"column":17}},"loc":{"start":{"line":34,"column":26},"end":{"line":136,"column":1}},"line":34},"1":{"name":"(anonymous_1)","decl":{"start":{"line":37,"column":19},"end":{"line":37,"column":20}},"loc":{"start":{"line":37,"column":54},"end":{"line":98,"column":3}},"line":37},"2":{"name":"(anonymous_2)","decl":{"start":{"line":44,"column":30},"end":{"line":44,"column":31}},"loc":{"start":{"line":44,"column":50},"end":{"line":85,"column":5}},"line":44},"3":{"name":"(anonymous_3)","decl":{"start":{"line":52,"column":25},"end":{"line":52,"column":26}},"loc":{"start":{"line":52,"column":31},"end":{"line":62,"column":11}},"line":52},"4":{"name":"(anonymous_4)","decl":{"start":{"line":88,"column":31},"end":{"line":88,"column":32}},"loc":{"start":{"line":88,"column":51},"end":{"line":94,"column":7}},"line":88},"5":{"name":"(anonymous_5)","decl":{"start":{"line":100,"column":26},"end":{"line":100,"column":27}},"loc":{"start":{"line":100,"column":69},"end":{"line":131,"column":3}},"line":100},"6":{"name":"(anonymous_6)","decl":{"start":{"line":105,"column":45},"end":{"line":105,"column":46}},"loc":{"start":{"line":105,"column":65},"end":{"line":111,"column":3}},"line":105},"7":{"name":"(anonymous_7)","decl":{"start":{"line":114,"column":46},"end":{"line":114,"column":47}},"loc":{"start":{"line":114,"column":66},"end":{"line":120,"column":7}},"line":114},"8":{"name":"(anonymous_8)","decl":{"start":{"line":122,"column":28},"end":{"line":122,"column":29}},"loc":{"start":{"line":122,"column":48},"end":{"line":127,"column":5}},"line":122},"9":{"name":"(anonymous_9)","decl":{"start":{"line":133,"column":25},"end":{"line":133,"column":26}},"loc":{"start":{"line":133,"column":29},"end":{"line":135,"column":3}},"line":133},"10":{"name":"(anonymous_10)","decl":{"start":{"line":146,"column":8},"end":{"line":146,"column":9}},"loc":{"start":{"line":146,"column":27},"end":{"line":151,"column":1}},"line":146},"11":{"name":"(anonymous_11)","decl":{"start":{"line":163,"column":10},"end":{"line":163,"column":11}},"loc":{"start":{"line":163,"column":15},"end":{"line":166,"column":7}},"line":163},"12":{"name":"(anonymous_12)","decl":{"start":{"line":167,"column":11},"end":{"line":167,"column":12}},"loc":{"start":{"line":167,"column":18},"end":{"line":169,"column":5}},"line":167}},"branchMap":{"0":{"loc":{"start":{"line":43,"column":4},"end":{"line":95,"column":5}},"type":"if","locations":[{"start":{"line":43,"column":4},"end":{"line":95,"column":5}},{"start":{"line":43,"column":4},"end":{"line":95,"column":5}}],"line":43},"1":{"loc":{"start":{"line":45,"column":8},"end":{"line":84,"column":9}},"type":"if","locations":[{"start":{"line":45,"column":8},"end":{"line":84,"column":9}},{"start":{"line":45,"column":8},"end":{"line":84,"column":9}}],"line":45},"2":{"loc":{"start":{"line":56,"column":14},"end":{"line":60,"column":15}},"type":"if","locations":[{"start":{"line":56,"column":14},"end":{"line":60,"column":15}},{"start":{"line":56,"column":14},"end":{"line":60,"column":15}}],"line":56},"3":{"loc":{"start":{"line":65,"column":10},"end":{"line":71,"column":11}},"type":"if","locations":[{"start":{"line":65,"column":10},"end":{"line":71,"column":11}},{"start":{"line":65,"column":10},"end":{"line":71,"column":11}}],"line":65},"4":{"loc":{"start":{"line":79,"column":18},"end":{"line":79,"column":104}},"type":"cond-expr","locations":[{"start":{"line":79,"column":28},"end":{"line":79,"column":63}},{"start":{"line":79,"column":64},"end":{"line":79,"column":104}}],"line":79},"5":{"loc":{"start":{"line":89,"column":8},"end":{"line":93,"column":9}},"type":"if","locations":[{"start":{"line":89,"column":8},"end":{"line":93,"column":9}},{"start":{"line":89,"column":8},"end":{"line":93,"column":9}}],"line":89},"6":{"loc":{"start":{"line":104,"column":4},"end":{"line":121,"column":4}},"type":"if","locations":[{"start":{"line":104,"column":4},"end":{"line":121,"column":4}},{"start":{"line":104,"column":4},"end":{"line":121,"column":4}}],"line":104},"7":{"loc":{"start":{"line":106,"column":8},"end":{"line":110,"column":9}},"type":"if","locations":[{"start":{"line":106,"column":8},"end":{"line":110,"column":9}},{"start":{"line":106,"column":8},"end":{"line":110,"column":9}}],"line":106},"8":{"loc":{"start":{"line":115,"column":8},"end":{"line":119,"column":9}},"type":"if","locations":[{"start":{"line":115,"column":8},"end":{"line":119,"column":9}},{"start":{"line":115,"column":8},"end":{"line":119,"column":9}}],"line":115},"9":{"loc":{"start":{"line":124,"column":6},"end":{"line":126,"column":7}},"type":"if","locations":[{"start":{"line":124,"column":6},"end":{"line":126,"column":7}},{"start":{"line":124,"column":6},"end":{"line":126,"column":7}}],"line":124},"10":{"loc":{"start":{"line":160,"column":0},"end":{"line":170,"column":1}},"type":"if","locations":[{"start":{"line":160,"column":0},"end":{"line":170,"column":1}},{"start":{"line":160,"column":0},"end":{"line":170,"column":1}}],"line":160}},"s":{"0":4,"1":4,"2":4,"3":4,"4":4,"5":4,"6":4,"7":4,"8":4,"9":4,"10":4,"11":4,"12":4,"13":4,"14":4,"15":4,"16":4,"17":4,"18":4,"19":4,"20":0,"21":0,"22":0,"23":0,"24":0,"25":0,"26":0,"27":0,"28":0,"29":0,"30":0,"31":0,"32":0,"33":0,"34":0,"35":0,"36":0,"37":0,"38":0,"39":0,"40":0,"41":0,"42":0,"43":0,"44":0,"45":0,"46":0,"47":0,"48":0,"49":0,"50":0,"51":0,"52":0,"53":0,"54":0,"55":0,"56":0,"57":0,"58":0,"59":0,"60":0,"61":0,"62":0,"63":0,"64":0,"65":0,"66":0,"67":0,"68":0,"69":0,"70":0,"71":0,"72":0,"73":4,"74":4,"75":4,"76":4,"77":4,"78":4,"79":16,"80":16,"81":16,"82":16,"83":4,"84":4,"85":4,"86":4,"87":4,"88":4,"89":0,"90":0,"91":0,"92":0,"93":4},"f":{"0":0,"1":0,"2":0,"3":0,"4":0,"5":0,"6":0,"7":0,"8":0,"9":0,"10":16,"11":0,"12":0},"b":{"0":[0,0],"1":[0,0],"2":[0,0],"3":[0,0],"4":[0,0],"5":[0,0],"6":[0,0],"7":[0,0],"8":[0,0],"9":[0,0],"10":[0,4]},"_coverageSchema":"1a1c01bbd47fc00a2c39e90264f33305004495a9","hash":"5ad15bb159b3d4650b6138a06095734ce61fe3e7"}
,"/home/ayush/Desktop/Coursera/Backend/Authentication/is-auth.js": {"path":"/home/ayush/Desktop/Coursera/Backend/Authentication/is-auth.js","statementMap":{"0":{"start":{"line":1,"column":12},"end":{"line":1,"column":35}},"1":{"start":{"line":2,"column":16},"end":{"line":2,"column":43}},"2":{"start":{"line":4,"column":0},"end":{"line":42,"column":1}},"3":{"start":{"line":6,"column":22},"end":{"line":6,"column":50}},"4":{"start":{"line":9,"column":3},"end":{"line":40,"column":4}},"5":{"start":{"line":10,"column":20},"end":{"line":10,"column":50}},"6":{"start":{"line":11,"column":6},"end":{"line":11,"column":27}},"7":{"start":{"line":12,"column":6},"end":{"line":12,"column":57}},"8":{"start":{"line":16,"column":19},"end":{"line":16,"column":45}},"9":{"start":{"line":19,"column":6},"end":{"line":26,"column":7}},"10":{"start":{"line":20,"column":9},"end":{"line":20,"column":58}},"11":{"start":{"line":23,"column":9},"end":{"line":23,"column":30}},"12":{"start":{"line":24,"column":9},"end":{"line":24,"column":60}},"13":{"start":{"line":25,"column":9},"end":{"line":25,"column":19}},"14":{"start":{"line":28,"column":6},"end":{"line":33,"column":7}},"15":{"start":{"line":29,"column":22},"end":{"line":29,"column":53}},"16":{"start":{"line":30,"column":8},"end":{"line":30,"column":60}},"17":{"start":{"line":31,"column":8},"end":{"line":31,"column":31}},"18":{"start":{"line":32,"column":8},"end":{"line":32,"column":20}},"19":{"start":{"line":35,"column":6},"end":{"line":35,"column":36}},"20":{"start":{"line":36,"column":6},"end":{"line":36,"column":13}},"21":{"start":{"line":45,"column":0},"end":{"line":83,"column":4}},"22":{"start":{"line":47,"column":23},"end":{"line":47,"column":45}},"23":{"start":{"line":49,"column":3},"end":{"line":80,"column":7}},"24":{"start":{"line":50,"column":20},"end":{"line":50,"column":50}},"25":{"start":{"line":51,"column":6},"end":{"line":51,"column":27}},"26":{"start":{"line":52,"column":6},"end":{"line":52,"column":57}},"27":{"start":{"line":53,"column":6},"end":{"line":53,"column":18}},"28":{"start":{"line":56,"column":9},"end":{"line":76,"column":11}},"29":{"start":{"line":57,"column":12},"end":{"line":75,"column":16}},"30":{"start":{"line":58,"column":29},"end":{"line":58,"column":60}},"31":{"start":{"line":59,"column":15},"end":{"line":59,"column":67}},"32":{"start":{"line":60,"column":15},"end":{"line":60,"column":38}},"33":{"start":{"line":61,"column":15},"end":{"line":61,"column":27}},"34":{"start":{"line":64,"column":34},"end":{"line":67,"column":17}},"35":{"start":{"line":69,"column":38},"end":{"line":71,"column":55}},"36":{"start":{"line":73,"column":18},"end":{"line":74,"column":48}}},"fnMap":{"0":{"name":"(anonymous_0)","decl":{"start":{"line":4,"column":24},"end":{"line":4,"column":25}},"loc":{"start":{"line":4,"column":40},"end":{"line":42,"column":1}},"line":4},"1":{"name":"(anonymous_1)","decl":{"start":{"line":45,"column":28},"end":{"line":45,"column":29}},"loc":{"start":{"line":45,"column":39},"end":{"line":83,"column":4}},"line":45},"2":{"name":"(anonymous_2)","decl":{"start":{"line":56,"column":57},"end":{"line":56,"column":58}},"loc":{"start":{"line":56,"column":79},"end":{"line":76,"column":10}},"line":56}},"branchMap":{"0":{"loc":{"start":{"line":9,"column":3},"end":{"line":40,"column":4}},"type":"if","locations":[{"start":{"line":9,"column":3},"end":{"line":40,"column":4}},{"start":{"line":9,"column":3},"end":{"line":40,"column":4}}],"line":9},"1":{"loc":{"start":{"line":28,"column":6},"end":{"line":33,"column":7}},"type":"if","locations":[{"start":{"line":28,"column":6},"end":{"line":33,"column":7}},{"start":{"line":28,"column":6},"end":{"line":33,"column":7}}],"line":28},"2":{"loc":{"start":{"line":49,"column":3},"end":{"line":80,"column":7}},"type":"if","locations":[{"start":{"line":49,"column":3},"end":{"line":80,"column":7}},{"start":{"line":49,"column":3},"end":{"line":80,"column":7}}],"line":49},"3":{"loc":{"start":{"line":57,"column":12},"end":{"line":75,"column":16}},"type":"if","locations":[{"start":{"line":57,"column":12},"end":{"line":75,"column":16}},{"start":{"line":57,"column":12},"end":{"line":75,"column":16}}],"line":57}},"s":{"0":4,"1":4,"2":4,"3":8,"4":8,"5":0,"6":0,"7":0,"8":8,"9":8,"10":8,"11":0,"12":0,"13":0,"14":8,"15":0,"16":0,"17":0,"18":0,"19":8,"20":8,"21":4,"22":0,"23":0,"24":0,"25":0,"26":0,"27":0,"28":0,"29":0,"30":0,"31":0,"32":0,"33":0,"34":0,"35":0,"36":0},"f":{"0":8,"1":0,"2":0},"b":{"0":[0,8],"1":[0,8],"2":[0,0],"3":[0,0]},"_coverageSchema":"1a1c01bbd47fc00a2c39e90264f33305004495a9","hash":"5e46792afe1e8d8ce79fbf94b149f3f435ac9dfe"}
,"/home/ayush/Desktop/Coursera/Backend/config/config.js": {"path":"/home/ayush/Desktop/Coursera/Backend/config/config.js","statementMap":{"0":{"start":{"line":2,"column":0},"end":{"line":2,"column":42}},"1":{"start":{"line":5,"column":0},"end":{"line":5,"column":43}},"2":{"start":{"line":9,"column":0},"end":{"line":9,"column":52}},"3":{"start":{"line":10,"column":0},"end":{"line":10,"column":55}},"4":{"start":{"line":12,"column":0},"end":{"line":12,"column":54}},"5":{"start":{"line":13,"column":0},"end":{"line":13,"column":57}},"6":{"start":{"line":17,"column":0},"end":{"line":17,"column":43}},"7":{"start":{"line":18,"column":0},"end":{"line":18,"column":49}},"8":{"start":{"line":19,"column":0},"end":{"line":19,"column":40}},"9":{"start":{"line":22,"column":0},"end":{"line":22,"column":46}},"10":{"start":{"line":25,"column":0},"end":{"line":25,"column":56}}},"fnMap":{},"branchMap":{},"s":{"0":4,"1":4,"2":4,"3":4,"4":4,"5":4,"6":4,"7":4,"8":4,"9":4,"10":4},"f":{},"b":{},"_coverageSchema":"1a1c01bbd47fc00a2c39e90264f33305004495a9","hash":"2cd381ba71a4d221700b3fdf293cda5a2a00b9ac"}
,"/home/ayush/Desktop/Coursera/Backend/controllers/auth.js": {"path":"/home/ayush/Desktop/Coursera/Backend/controllers/auth.js","statementMap":{"0":{"start":{"line":1,"column":15},"end":{"line":1,"column":34}},"1":{"start":{"line":2,"column":12},"end":{"line":2,"column":35}},"2":{"start":{"line":3,"column":13},"end":{"line":3,"column":37}},"3":{"start":{"line":4,"column":12},"end":{"line":4,"column":35}},"4":{"start":{"line":5,"column":17},"end":{"line":5,"column":38}},"5":{"start":{"line":6,"column":24},"end":{"line":6,"column":64}},"6":{"start":{"line":7,"column":25},"end":{"line":7,"column":53}},"7":{"start":{"line":8,"column":16},"end":{"line":8,"column":43}},"8":{"start":{"line":10,"column":19},"end":{"line":14,"column":3}},"9":{"start":{"line":17,"column":0},"end":{"line":70,"column":1}},"10":{"start":{"line":18,"column":16},"end":{"line":18,"column":30}},"11":{"start":{"line":19,"column":19},"end":{"line":19,"column":36}},"12":{"start":{"line":21,"column":15},"end":{"line":21,"column":28}},"13":{"start":{"line":23,"column":13},"end":{"line":23,"column":17}},"14":{"start":{"line":25,"column":4},"end":{"line":25,"column":21}},"15":{"start":{"line":27,"column":17},"end":{"line":27,"column":38}},"16":{"start":{"line":28,"column":4},"end":{"line":35,"column":5}},"17":{"start":{"line":29,"column":20},"end":{"line":29,"column":50}},"18":{"start":{"line":30,"column":8},"end":{"line":30,"column":29}},"19":{"start":{"line":31,"column":8},"end":{"line":31,"column":34}},"20":{"start":{"line":32,"column":8},"end":{"line":32,"column":35}},"21":{"start":{"line":33,"column":8},"end":{"line":33,"column":54}},"22":{"start":{"line":34,"column":8},"end":{"line":34,"column":20}},"23":{"start":{"line":37,"column":4},"end":{"line":60,"column":10}},"24":{"start":{"line":39,"column":28},"end":{"line":45,"column":18}},"25":{"start":{"line":46,"column":12},"end":{"line":46,"column":27}},"26":{"start":{"line":47,"column":12},"end":{"line":47,"column":56}},"27":{"start":{"line":50,"column":12},"end":{"line":50,"column":58}},"28":{"start":{"line":52,"column":22},"end":{"line":55,"column":18}},"29":{"start":{"line":57,"column":12},"end":{"line":57,"column":23}},"30":{"start":{"line":58,"column":12},"end":{"line":58,"column":28}},"31":{"start":{"line":59,"column":12},"end":{"line":59,"column":72}},"32":{"start":{"line":61,"column":12},"end":{"line":67,"column":14}},"33":{"start":{"line":68,"column":12},"end":{"line":68,"column":36}},"34":{"start":{"line":72,"column":0},"end":{"line":145,"column":1}},"35":{"start":{"line":73,"column":22},"end":{"line":73,"column":34}},"36":{"start":{"line":74,"column":16},"end":{"line":74,"column":30}},"37":{"start":{"line":77,"column":4},"end":{"line":77,"column":35}},"38":{"start":{"line":79,"column":4},"end":{"line":143,"column":9}},"39":{"start":{"line":81,"column":8},"end":{"line":93,"column":9}},"40":{"start":{"line":82,"column":26},"end":{"line":82,"column":82}},"41":{"start":{"line":83,"column":12},"end":{"line":83,"column":35}},"42":{"start":{"line":84,"column":12},"end":{"line":89,"column":14}},"43":{"start":{"line":90,"column":12},"end":{"line":90,"column":54}},"44":{"start":{"line":92,"column":12},"end":{"line":92,"column":24}},"45":{"start":{"line":96,"column":8},"end":{"line":134,"column":9}},"46":{"start":{"line":97,"column":26},"end":{"line":97,"column":56}},"47":{"start":{"line":98,"column":12},"end":{"line":98,"column":35}},"48":{"start":{"line":99,"column":12},"end":{"line":99,"column":68}},"49":{"start":{"line":100,"column":12},"end":{"line":105,"column":14}},"50":{"start":{"line":106,"column":12},"end":{"line":106,"column":24}},"51":{"start":{"line":110,"column":12},"end":{"line":133,"column":14}},"52":{"start":{"line":112,"column":16},"end":{"line":112,"column":37}},"53":{"start":{"line":114,"column":35},"end":{"line":117,"column":18}},"54":{"start":{"line":118,"column":39},"end":{"line":120,"column":57}},"55":{"start":{"line":122,"column":16},"end":{"line":130,"column":18}},"56":{"start":{"line":123,"column":20},"end":{"line":129,"column":25}},"57":{"start":{"line":139,"column":8},"end":{"line":141,"column":9}},"58":{"start":{"line":140,"column":10},"end":{"line":140,"column":31}},"59":{"start":{"line":142,"column":8},"end":{"line":142,"column":18}},"60":{"start":{"line":148,"column":0},"end":{"line":193,"column":1}},"61":{"start":{"line":149,"column":16},"end":{"line":149,"column":30}},"62":{"start":{"line":150,"column":23},"end":{"line":150,"column":35}},"63":{"start":{"line":151,"column":13},"end":{"line":151,"column":17}},"64":{"start":{"line":153,"column":4},"end":{"line":192,"column":6}},"65":{"start":{"line":155,"column":8},"end":{"line":166,"column":9}},"66":{"start":{"line":156,"column":26},"end":{"line":156,"column":57}},"67":{"start":{"line":157,"column":12},"end":{"line":157,"column":35}},"68":{"start":{"line":158,"column":12},"end":{"line":163,"column":14}},"69":{"start":{"line":164,"column":12},"end":{"line":164,"column":69}},"70":{"start":{"line":165,"column":12},"end":{"line":165,"column":24}},"71":{"start":{"line":167,"column":8},"end":{"line":167,"column":54}},"72":{"start":{"line":169,"column":12},"end":{"line":169,"column":25}},"73":{"start":{"line":170,"column":12},"end":{"line":170,"column":24}},"74":{"start":{"line":171,"column":12},"end":{"line":171,"column":29}},"75":{"start":{"line":172,"column":12},"end":{"line":172,"column":72}},"76":{"start":{"line":175,"column":8},"end":{"line":181,"column":10}},"77":{"start":{"line":182,"column":8},"end":{"line":182,"column":32}},"78":{"start":{"line":186,"column":8},"end":{"line":191,"column":9}},"79":{"start":{"line":187,"column":12},"end":{"line":189,"column":15}},"80":{"start":{"line":188,"column":16},"end":{"line":188,"column":37}},"81":{"start":{"line":190,"column":14},"end":{"line":190,"column":24}},"82":{"start":{"line":197,"column":0},"end":{"line":304,"column":1}},"83":{"start":{"line":198,"column":16},"end":{"line":198,"column":30}},"84":{"start":{"line":199,"column":19},"end":{"line":199,"column":36}},"85":{"start":{"line":201,"column":17},"end":{"line":201,"column":38}},"86":{"start":{"line":203,"column":4},"end":{"line":210,"column":5}},"87":{"start":{"line":204,"column":20},"end":{"line":204,"column":50}},"88":{"start":{"line":205,"column":8},"end":{"line":205,"column":29}},"89":{"start":{"line":206,"column":8},"end":{"line":206,"column":34}},"90":{"start":{"line":207,"column":8},"end":{"line":207,"column":35}},"91":{"start":{"line":208,"column":8},"end":{"line":208,"column":76}},"92":{"start":{"line":209,"column":8},"end":{"line":209,"column":20}},"93":{"start":{"line":212,"column":4},"end":{"line":303,"column":6}},"94":{"start":{"line":215,"column":8},"end":{"line":302,"column":9}},"95":{"start":{"line":216,"column":12},"end":{"line":216,"column":46}},"96":{"start":{"line":218,"column":12},"end":{"line":218,"column":58}},"97":{"start":{"line":219,"column":12},"end":{"line":219,"column":36}},"98":{"start":{"line":220,"column":12},"end":{"line":266,"column":14}},"99":{"start":{"line":223,"column":20},"end":{"line":264,"column":21}},"100":{"start":{"line":224,"column":34},"end":{"line":227,"column":29}},"101":{"start":{"line":229,"column":24},"end":{"line":244,"column":26}},"102":{"start":{"line":231,"column":28},"end":{"line":237,"column":34}},"103":{"start":{"line":239,"column":33},"end":{"line":239,"column":62}},"104":{"start":{"line":240,"column":33},"end":{"line":243,"column":37}},"105":{"start":{"line":247,"column":24},"end":{"line":247,"column":37}},"106":{"start":{"line":248,"column":24},"end":{"line":263,"column":26}},"107":{"start":{"line":250,"column":28},"end":{"line":256,"column":34}},"108":{"start":{"line":258,"column":32},"end":{"line":258,"column":56}},"109":{"start":{"line":259,"column":32},"end":{"line":262,"column":35}},"110":{"start":{"line":272,"column":12},"end":{"line":301,"column":14}},"111":{"start":{"line":276,"column":20},"end":{"line":290,"column":21}},"112":{"start":{"line":277,"column":45},"end":{"line":279,"column":59}},"113":{"start":{"line":281,"column":47},"end":{"line":283,"column":65}},"114":{"start":{"line":285,"column":24},"end":{"line":285,"column":171}},"115":{"start":{"line":289,"column":24},"end":{"line":289,"column":85}},"116":{"start":{"line":295,"column":12},"end":{"line":300,"column":17}},"117":{"start":{"line":296,"column":16},"end":{"line":298,"column":17}},"118":{"start":{"line":297,"column":20},"end":{"line":297,"column":41}},"119":{"start":{"line":299,"column":16},"end":{"line":299,"column":26}},"120":{"start":{"line":306,"column":0},"end":{"line":350,"column":1}},"121":{"start":{"line":308,"column":18},"end":{"line":308,"column":32}},"122":{"start":{"line":309,"column":4},"end":{"line":309,"column":23}},"123":{"start":{"line":310,"column":12},"end":{"line":310,"column":58}},"124":{"start":{"line":312,"column":4},"end":{"line":349,"column":10}},"125":{"start":{"line":314,"column":8},"end":{"line":330,"column":9}},"126":{"start":{"line":315,"column":26},"end":{"line":315,"column":56}},"127":{"start":{"line":316,"column":12},"end":{"line":316,"column":35}},"128":{"start":{"line":317,"column":12},"end":{"line":317,"column":68}},"129":{"start":{"line":318,"column":12},"end":{"line":320,"column":41}},"130":{"start":{"line":321,"column":12},"end":{"line":321,"column":69}},"131":{"start":{"line":322,"column":12},"end":{"line":322,"column":24}},"132":{"start":{"line":325,"column":28},"end":{"line":328,"column":14}},"133":{"start":{"line":329,"column":13},"end":{"line":329,"column":27}},"134":{"start":{"line":334,"column":12},"end":{"line":339,"column":14}},"135":{"start":{"line":340,"column":12},"end":{"line":340,"column":42}},"136":{"start":{"line":341,"column":12},"end":{"line":341,"column":72}},"137":{"start":{"line":345,"column":12},"end":{"line":347,"column":15}},"138":{"start":{"line":346,"column":16},"end":{"line":346,"column":37}},"139":{"start":{"line":348,"column":12},"end":{"line":348,"column":22}},"140":{"start":{"line":353,"column":0},"end":{"line":387,"column":1}},"141":{"start":{"line":354,"column":16},"end":{"line":354,"column":30}},"142":{"start":{"line":355,"column":14},"end":{"line":355,"column":26}},"143":{"start":{"line":356,"column":4},"end":{"line":356,"column":31}},"144":{"start":{"line":358,"column":4},"end":{"line":386,"column":6}},"145":{"start":{"line":360,"column":8},"end":{"line":369,"column":9}},"146":{"start":{"line":361,"column":26},"end":{"line":361,"column":56}},"147":{"start":{"line":362,"column":12},"end":{"line":362,"column":35}},"148":{"start":{"line":363,"column":12},"end":{"line":363,"column":66}},"149":{"start":{"line":364,"column":12},"end":{"line":366,"column":41}},"150":{"start":{"line":367,"column":12},"end":{"line":367,"column":82}},"151":{"start":{"line":368,"column":12},"end":{"line":368,"column":24}},"152":{"start":{"line":371,"column":9},"end":{"line":379,"column":79}},"153":{"start":{"line":372,"column":12},"end":{"line":376,"column":14}},"154":{"start":{"line":374,"column":16},"end":{"line":374,"column":43}},"155":{"start":{"line":375,"column":16},"end":{"line":375,"column":31}},"156":{"start":{"line":377,"column":12},"end":{"line":377,"column":88}},"157":{"start":{"line":379,"column":13},"end":{"line":379,"column":79}},"158":{"start":{"line":382,"column":8},"end":{"line":384,"column":11}},"159":{"start":{"line":383,"column":12},"end":{"line":383,"column":33}},"160":{"start":{"line":385,"column":8},"end":{"line":385,"column":18}},"161":{"start":{"line":392,"column":0},"end":{"line":441,"column":1}},"162":{"start":{"line":393,"column":16},"end":{"line":393,"column":30}},"163":{"start":{"line":394,"column":24},"end":{"line":394,"column":44}},"164":{"start":{"line":395,"column":26},"end":{"line":395,"column":50}},"165":{"start":{"line":398,"column":4},"end":{"line":439,"column":6}},"166":{"start":{"line":401,"column":8},"end":{"line":412,"column":9}},"167":{"start":{"line":402,"column":26},"end":{"line":402,"column":73}},"168":{"start":{"line":403,"column":12},"end":{"line":403,"column":35}},"169":{"start":{"line":404,"column":12},"end":{"line":404,"column":84}},"170":{"start":{"line":405,"column":12},"end":{"line":407,"column":58}},"171":{"start":{"line":408,"column":12},"end":{"line":410,"column":17}},"172":{"start":{"line":411,"column":12},"end":{"line":411,"column":24}},"173":{"start":{"line":413,"column":8},"end":{"line":431,"column":9}},"174":{"start":{"line":414,"column":16},"end":{"line":414,"column":31}},"175":{"start":{"line":415,"column":16},"end":{"line":415,"column":46}},"176":{"start":{"line":416,"column":16},"end":{"line":425,"column":14}},"177":{"start":{"line":418,"column":16},"end":{"line":418,"column":50}},"178":{"start":{"line":419,"column":16},"end":{"line":419,"column":40}},"179":{"start":{"line":423,"column":16},"end":{"line":423,"column":44}},"180":{"start":{"line":424,"column":16},"end":{"line":424,"column":80}},"181":{"start":{"line":429,"column":12},"end":{"line":429,"column":57}},"182":{"start":{"line":430,"column":12},"end":{"line":430,"column":77}},"183":{"start":{"line":435,"column":8},"end":{"line":437,"column":11}},"184":{"start":{"line":436,"column":12},"end":{"line":436,"column":33}},"185":{"start":{"line":438,"column":8},"end":{"line":438,"column":18}}},"fnMap":{"0":{"name":"(anonymous_0)","decl":{"start":{"line":17,"column":17},"end":{"line":17,"column":18}},"loc":{"start":{"line":17,"column":28},"end":{"line":70,"column":1}},"line":17},"1":{"name":"(anonymous_1)","decl":{"start":{"line":38,"column":14},"end":{"line":38,"column":15}},"loc":{"start":{"line":38,"column":30},"end":{"line":60,"column":9}},"line":38},"2":{"name":"(anonymous_2)","decl":{"start":{"line":72,"column":26},"end":{"line":72,"column":27}},"loc":{"start":{"line":72,"column":42},"end":{"line":145,"column":1}},"line":72},"3":{"name":"(anonymous_3)","decl":{"start":{"line":80,"column":10},"end":{"line":80,"column":11}},"loc":{"start":{"line":80,"column":16},"end":{"line":137,"column":5}},"line":80},"4":{"name":"(anonymous_4)","decl":{"start":{"line":111,"column":18},"end":{"line":111,"column":19}},"loc":{"start":{"line":111,"column":24},"end":{"line":133,"column":13}},"line":111},"5":{"name":"(anonymous_5)","decl":{"start":{"line":122,"column":26},"end":{"line":122,"column":27}},"loc":{"start":{"line":122,"column":34},"end":{"line":130,"column":17}},"line":122},"6":{"name":"(anonymous_6)","decl":{"start":{"line":138,"column":11},"end":{"line":138,"column":12}},"loc":{"start":{"line":138,"column":20},"end":{"line":143,"column":7}},"line":138},"7":{"name":"(anonymous_7)","decl":{"start":{"line":148,"column":20},"end":{"line":148,"column":21}},"loc":{"start":{"line":148,"column":36},"end":{"line":193,"column":1}},"line":148},"8":{"name":"(anonymous_8)","decl":{"start":{"line":154,"column":10},"end":{"line":154,"column":11}},"loc":{"start":{"line":154,"column":16},"end":{"line":173,"column":5}},"line":154},"9":{"name":"(anonymous_9)","decl":{"start":{"line":174,"column":11},"end":{"line":174,"column":12}},"loc":{"start":{"line":174,"column":15},"end":{"line":183,"column":5}},"line":174},"10":{"name":"(anonymous_10)","decl":{"start":{"line":185,"column":11},"end":{"line":185,"column":12}},"loc":{"start":{"line":185,"column":16},"end":{"line":192,"column":5}},"line":185},"11":{"name":"(anonymous_11)","decl":{"start":{"line":186,"column":8},"end":{"line":186,"column":9}},"loc":{"start":{"line":186,"column":13},"end":{"line":191,"column":9}},"line":186},"12":{"name":"(anonymous_12)","decl":{"start":{"line":197,"column":16},"end":{"line":197,"column":17}},"loc":{"start":{"line":197,"column":32},"end":{"line":304,"column":1}},"line":197},"13":{"name":"(anonymous_13)","decl":{"start":{"line":213,"column":10},"end":{"line":213,"column":11}},"loc":{"start":{"line":213,"column":16},"end":{"line":303,"column":5}},"line":213},"14":{"name":"(anonymous_14)","decl":{"start":{"line":221,"column":18},"end":{"line":221,"column":19}},"loc":{"start":{"line":221,"column":24},"end":{"line":266,"column":13}},"line":221},"15":{"name":"(anonymous_15)","decl":{"start":{"line":230,"column":30},"end":{"line":230,"column":31}},"loc":{"start":{"line":230,"column":34},"end":{"line":244,"column":25}},"line":230},"16":{"name":"(anonymous_16)","decl":{"start":{"line":249,"column":30},"end":{"line":249,"column":31}},"loc":{"start":{"line":249,"column":34},"end":{"line":263,"column":25}},"line":249},"17":{"name":"(anonymous_17)","decl":{"start":{"line":274,"column":22},"end":{"line":274,"column":23}},"loc":{"start":{"line":274,"column":33},"end":{"line":292,"column":17}},"line":274},"18":{"name":"(anonymous_18)","decl":{"start":{"line":294,"column":15},"end":{"line":294,"column":16}},"loc":{"start":{"line":294,"column":20},"end":{"line":301,"column":13}},"line":294},"19":{"name":"(anonymous_19)","decl":{"start":{"line":295,"column":12},"end":{"line":295,"column":13}},"loc":{"start":{"line":295,"column":17},"end":{"line":300,"column":17}},"line":295},"20":{"name":"(anonymous_20)","decl":{"start":{"line":306,"column":24},"end":{"line":306,"column":25}},"loc":{"start":{"line":306,"column":40},"end":{"line":350,"column":1}},"line":306},"21":{"name":"(anonymous_21)","decl":{"start":{"line":313,"column":14},"end":{"line":313,"column":15}},"loc":{"start":{"line":313,"column":20},"end":{"line":331,"column":5}},"line":313},"22":{"name":"(anonymous_22)","decl":{"start":{"line":333,"column":14},"end":{"line":333,"column":15}},"loc":{"start":{"line":333,"column":22},"end":{"line":343,"column":9}},"line":333},"23":{"name":"(anonymous_23)","decl":{"start":{"line":344,"column":15},"end":{"line":344,"column":16}},"loc":{"start":{"line":344,"column":20},"end":{"line":349,"column":9}},"line":344},"24":{"name":"(anonymous_24)","decl":{"start":{"line":353,"column":31},"end":{"line":353,"column":32}},"loc":{"start":{"line":353,"column":47},"end":{"line":387,"column":1}},"line":353},"25":{"name":"(anonymous_25)","decl":{"start":{"line":359,"column":10},"end":{"line":359,"column":11}},"loc":{"start":{"line":359,"column":16},"end":{"line":380,"column":5}},"line":359},"26":{"name":"(anonymous_26)","decl":{"start":{"line":373,"column":18},"end":{"line":373,"column":19}},"loc":{"start":{"line":373,"column":27},"end":{"line":376,"column":13}},"line":373},"27":{"name":"(anonymous_27)","decl":{"start":{"line":381,"column":11},"end":{"line":381,"column":12}},"loc":{"start":{"line":381,"column":16},"end":{"line":386,"column":5}},"line":381},"28":{"name":"(anonymous_28)","decl":{"start":{"line":392,"column":22},"end":{"line":392,"column":23}},"loc":{"start":{"line":392,"column":38},"end":{"line":441,"column":1}},"line":392},"29":{"name":"(anonymous_29)","decl":{"start":{"line":399,"column":10},"end":{"line":399,"column":11}},"loc":{"start":{"line":399,"column":16},"end":{"line":433,"column":2}},"line":399},"30":{"name":"(anonymous_30)","decl":{"start":{"line":417,"column":22},"end":{"line":417,"column":23}},"loc":{"start":{"line":417,"column":38},"end":{"line":420,"column":17}},"line":417},"31":{"name":"(anonymous_31)","decl":{"start":{"line":422,"column":22},"end":{"line":422,"column":23}},"loc":{"start":{"line":422,"column":30},"end":{"line":425,"column":13}},"line":422},"32":{"name":"(anonymous_32)","decl":{"start":{"line":434,"column":11},"end":{"line":434,"column":12}},"loc":{"start":{"line":434,"column":16},"end":{"line":439,"column":5}},"line":434}},"branchMap":{"0":{"loc":{"start":{"line":28,"column":4},"end":{"line":35,"column":5}},"type":"if","locations":[{"start":{"line":28,"column":4},"end":{"line":35,"column":5}},{"start":{"line":28,"column":4},"end":{"line":35,"column":5}}],"line":28},"1":{"loc":{"start":{"line":81,"column":8},"end":{"line":93,"column":9}},"type":"if","locations":[{"start":{"line":81,"column":8},"end":{"line":93,"column":9}},{"start":{"line":81,"column":8},"end":{"line":93,"column":9}}],"line":81},"2":{"loc":{"start":{"line":96,"column":8},"end":{"line":134,"column":9}},"type":"if","locations":[{"start":{"line":96,"column":8},"end":{"line":134,"column":9}},{"start":{"line":96,"column":8},"end":{"line":134,"column":9}}],"line":96},"3":{"loc":{"start":{"line":139,"column":8},"end":{"line":141,"column":9}},"type":"if","locations":[{"start":{"line":139,"column":8},"end":{"line":141,"column":9}},{"start":{"line":139,"column":8},"end":{"line":141,"column":9}}],"line":139},"4":{"loc":{"start":{"line":155,"column":8},"end":{"line":166,"column":9}},"type":"if","locations":[{"start":{"line":155,"column":8},"end":{"line":166,"column":9}},{"start":{"line":155,"column":8},"end":{"line":166,"column":9}}],"line":155},"5":{"loc":{"start":{"line":187,"column":12},"end":{"line":189,"column":15}},"type":"if","locations":[{"start":{"line":187,"column":12},"end":{"line":189,"column":15}},{"start":{"line":187,"column":12},"end":{"line":189,"column":15}}],"line":187},"6":{"loc":{"start":{"line":203,"column":4},"end":{"line":210,"column":5}},"type":"if","locations":[{"start":{"line":203,"column":4},"end":{"line":210,"column":5}},{"start":{"line":203,"column":4},"end":{"line":210,"column":5}}],"line":203},"7":{"loc":{"start":{"line":215,"column":8},"end":{"line":302,"column":9}},"type":"if","locations":[{"start":{"line":215,"column":8},"end":{"line":302,"column":9}},{"start":{"line":215,"column":8},"end":{"line":302,"column":9}}],"line":215},"8":{"loc":{"start":{"line":223,"column":20},"end":{"line":264,"column":21}},"type":"if","locations":[{"start":{"line":223,"column":20},"end":{"line":264,"column":21}},{"start":{"line":223,"column":20},"end":{"line":264,"column":21}}],"line":223},"9":{"loc":{"start":{"line":276,"column":20},"end":{"line":290,"column":21}},"type":"if","locations":[{"start":{"line":276,"column":20},"end":{"line":290,"column":21}},{"start":{"line":276,"column":20},"end":{"line":290,"column":21}}],"line":276},"10":{"loc":{"start":{"line":296,"column":16},"end":{"line":298,"column":17}},"type":"if","locations":[{"start":{"line":296,"column":16},"end":{"line":298,"column":17}},{"start":{"line":296,"column":16},"end":{"line":298,"column":17}}],"line":296},"11":{"loc":{"start":{"line":314,"column":8},"end":{"line":330,"column":9}},"type":"if","locations":[{"start":{"line":314,"column":8},"end":{"line":330,"column":9}},{"start":{"line":314,"column":8},"end":{"line":330,"column":9}}],"line":314},"12":{"loc":{"start":{"line":345,"column":12},"end":{"line":347,"column":15}},"type":"if","locations":[{"start":{"line":345,"column":12},"end":{"line":347,"column":15}},{"start":{"line":345,"column":12},"end":{"line":347,"column":15}}],"line":345},"13":{"loc":{"start":{"line":360,"column":8},"end":{"line":369,"column":9}},"type":"if","locations":[{"start":{"line":360,"column":8},"end":{"line":369,"column":9}},{"start":{"line":360,"column":8},"end":{"line":369,"column":9}}],"line":360},"14":{"loc":{"start":{"line":371,"column":9},"end":{"line":379,"column":79}},"type":"if","locations":[{"start":{"line":371,"column":9},"end":{"line":379,"column":79}},{"start":{"line":371,"column":9},"end":{"line":379,"column":79}}],"line":371},"15":{"loc":{"start":{"line":382,"column":8},"end":{"line":384,"column":11}},"type":"if","locations":[{"start":{"line":382,"column":8},"end":{"line":384,"column":11}},{"start":{"line":382,"column":8},"end":{"line":384,"column":11}}],"line":382},"16":{"loc":{"start":{"line":401,"column":8},"end":{"line":412,"column":9}},"type":"if","locations":[{"start":{"line":401,"column":8},"end":{"line":412,"column":9}},{"start":{"line":401,"column":8},"end":{"line":412,"column":9}}],"line":401},"17":{"loc":{"start":{"line":413,"column":8},"end":{"line":431,"column":9}},"type":"if","locations":[{"start":{"line":413,"column":8},"end":{"line":431,"column":9}},{"start":{"line":413,"column":8},"end":{"line":431,"column":9}}],"line":413},"18":{"loc":{"start":{"line":435,"column":8},"end":{"line":437,"column":11}},"type":"if","locations":[{"start":{"line":435,"column":8},"end":{"line":437,"column":11}},{"start":{"line":435,"column":8},"end":{"line":437,"column":11}}],"line":435}},"s":{"0":4,"1":4,"2":4,"3":4,"4":4,"5":4,"6":4,"7":4,"8":4,"9":4,"10":1,"11":1,"12":1,"13":1,"14":1,"15":1,"16":1,"17":0,"18":0,"19":0,"20":0,"21":0,"22":0,"23":1,"24":0,"25":0,"26":0,"27":0,"28":0,"29":0,"30":0,"31":0,"32":1,"33":1,"34":4,"35":0,"36":0,"37":0,"38":0,"39":0,"40":0,"41":0,"42":0,"43":0,"44":0,"45":0,"46":0,"47":0,"48":0,"49":0,"50":0,"51":0,"52":0,"53":0,"54":0,"55":0,"56":0,"57":0,"58":0,"59":0,"60":4,"61":0,"62":0,"63":0,"64":0,"65":0,"66":0,"67":0,"68":0,"69":0,"70":0,"71":0,"72":0,"73":0,"74":0,"75":0,"76":0,"77":0,"78":0,"79":0,"80":0,"81":0,"82":4,"83":2,"84":2,"85":2,"86":2,"87":1,"88":1,"89":1,"90":1,"91":1,"92":1,"93":1,"94":1,"95":0,"96":0,"97":0,"98":0,"99":0,"100":0,"101":0,"102":0,"103":0,"104":0,"105":0,"106":0,"107":0,"108":0,"109":0,"110":1,"111":1,"112":0,"113":0,"114":0,"115":1,"116":0,"117":0,"118":0,"119":0,"120":4,"121":0,"122":0,"123":0,"124":0,"125":0,"126":0,"127":0,"128":0,"129":0,"130":0,"131":0,"132":0,"133":0,"134":0,"135":0,"136":0,"137":0,"138":0,"139":0,"140":4,"141":0,"142":0,"143":0,"144":0,"145":0,"146":0,"147":0,"148":0,"149":0,"150":0,"151":0,"152":0,"153":0,"154":0,"155":0,"156":0,"157":0,"158":0,"159":0,"160":0,"161":4,"162":0,"163":0,"164":0,"165":0,"166":0,"167":0,"168":0,"169":0,"170":0,"171":0,"172":0,"173":0,"174":0,"175":0,"176":0,"177":0,"178":0,"179":0,"180":0,"181":0,"182":0,"183":0,"184":0,"185":0},"f":{"0":1,"1":0,"2":0,"3":0,"4":0,"5":0,"6":0,"7":0,"8":0,"9":0,"10":0,"11":0,"12":2,"13":1,"14":0,"15":0,"16":0,"17":1,"18":0,"19":0,"20":0,"21":0,"22":0,"23":0,"24":0,"25":0,"26":0,"27":0,"28":0,"29":0,"30":0,"31":0,"32":0},"b":{"0":[0,1],"1":[0,0],"2":[0,0],"3":[0,0],"4":[0,0],"5":[0,0],"6":[1,1],"7":[0,1],"8":[0,0],"9":[0,1],"10":[0,0],"11":[0,0],"12":[0,0],"13":[0,0],"14":[0,0],"15":[0,0],"16":[0,0],"17":[0,0],"18":[0,0]},"_coverageSchema":"1a1c01bbd47fc00a2c39e90264f33305004495a9","hash":"57bb50094480724972af23528c042f950d579157"}
,"/home/ayush/Desktop/Coursera/Backend/controllers/coursepage.js": {"path":"/home/ayush/Desktop/Coursera/Backend/controllers/coursepage.js","statementMap":{"0":{"start":{"line":1,"column":15},"end":{"line":1,"column":42}},"1":{"start":{"line":2,"column":13},"end":{"line":2,"column":37}},"2":{"start":{"line":3,"column":20},"end":{"line":3,"column":37}},"3":{"start":{"line":4,"column":11},"end":{"line":4,"column":24}},"4":{"start":{"line":5,"column":12},"end":{"line":5,"column":27}},"5":{"start":{"line":7,"column":0},"end":{"line":19,"column":1}},"6":{"start":{"line":9,"column":19},"end":{"line":9,"column":38}},"7":{"start":{"line":10,"column":4},"end":{"line":17,"column":6}},"8":{"start":{"line":12,"column":8},"end":{"line":12,"column":45}},"9":{"start":{"line":15,"column":8},"end":{"line":15,"column":24}},"10":{"start":{"line":16,"column":8},"end":{"line":16,"column":14}},"11":{"start":{"line":22,"column":0},"end":{"line":66,"column":1}},"12":{"start":{"line":24,"column":19},"end":{"line":24,"column":38}},"13":{"start":{"line":26,"column":19},"end":{"line":26,"column":35}},"14":{"start":{"line":28,"column":4},"end":{"line":64,"column":6}},"15":{"start":{"line":30,"column":8},"end":{"line":37,"column":9}},"16":{"start":{"line":31,"column":12},"end":{"line":31,"column":41}},"17":{"start":{"line":32,"column":12},"end":{"line":32,"column":53}},"18":{"start":{"line":35,"column":12},"end":{"line":35,"column":68}},"19":{"start":{"line":36,"column":12},"end":{"line":36,"column":53}},"20":{"start":{"line":38,"column":8},"end":{"line":56,"column":10}},"21":{"start":{"line":40,"column":12},"end":{"line":54,"column":14}},"22":{"start":{"line":42,"column":16},"end":{"line":48,"column":17}},"23":{"start":{"line":43,"column":20},"end":{"line":43,"column":49}},"24":{"start":{"line":44,"column":20},"end":{"line":44,"column":56}},"25":{"start":{"line":47,"column":20},"end":{"line":47,"column":78}},"26":{"start":{"line":49,"column":16},"end":{"line":49,"column":30}},"27":{"start":{"line":50,"column":16},"end":{"line":50,"column":33}},"28":{"start":{"line":53,"column":16},"end":{"line":53,"column":33}},"29":{"start":{"line":58,"column":8},"end":{"line":58,"column":25}},"30":{"start":{"line":59,"column":8},"end":{"line":59,"column":78}},"31":{"start":{"line":63,"column":8},"end":{"line":63,"column":18}},"32":{"start":{"line":68,"column":0},"end":{"line":83,"column":1}},"33":{"start":{"line":69,"column":19},"end":{"line":69,"column":36}},"34":{"start":{"line":70,"column":4},"end":{"line":70,"column":23}},"35":{"start":{"line":72,"column":4},"end":{"line":82,"column":6}},"36":{"start":{"line":76,"column":8},"end":{"line":76,"column":27}},"37":{"start":{"line":77,"column":8},"end":{"line":77,"column":33}},"38":{"start":{"line":80,"column":8},"end":{"line":80,"column":24}},"39":{"start":{"line":81,"column":8},"end":{"line":81,"column":14}},"40":{"start":{"line":85,"column":0},"end":{"line":107,"column":1}},"41":{"start":{"line":86,"column":18},"end":{"line":86,"column":33}},"42":{"start":{"line":87,"column":19},"end":{"line":87,"column":30}},"43":{"start":{"line":89,"column":4},"end":{"line":97,"column":6}},"44":{"start":{"line":91,"column":8},"end":{"line":91,"column":64}},"45":{"start":{"line":92,"column":8},"end":{"line":92,"column":20}},"46":{"start":{"line":93,"column":8},"end":{"line":93,"column":67}},"47":{"start":{"line":96,"column":8},"end":{"line":96,"column":24}},"48":{"start":{"line":99,"column":4},"end":{"line":106,"column":6}},"49":{"start":{"line":101,"column":8},"end":{"line":101,"column":66}},"50":{"start":{"line":104,"column":8},"end":{"line":104,"column":24}},"51":{"start":{"line":105,"column":8},"end":{"line":105,"column":14}},"52":{"start":{"line":109,"column":0},"end":{"line":130,"column":1}},"53":{"start":{"line":110,"column":19},"end":{"line":110,"column":36}},"54":{"start":{"line":111,"column":21},"end":{"line":111,"column":36}},"55":{"start":{"line":113,"column":4},"end":{"line":128,"column":6}},"56":{"start":{"line":115,"column":27},"end":{"line":115,"column":61}},"57":{"start":{"line":116,"column":30},"end":{"line":116,"column":58}},"58":{"start":{"line":117,"column":8},"end":{"line":117,"column":38}},"59":{"start":{"line":118,"column":8},"end":{"line":118,"column":44}},"60":{"start":{"line":119,"column":8},"end":{"line":119,"column":64}},"61":{"start":{"line":121,"column":8},"end":{"line":121,"column":22}},"62":{"start":{"line":122,"column":8},"end":{"line":122,"column":27}},"63":{"start":{"line":123,"column":8},"end":{"line":123,"column":45}},"64":{"start":{"line":126,"column":8},"end":{"line":126,"column":25}},"65":{"start":{"line":127,"column":8},"end":{"line":127,"column":15}},"66":{"start":{"line":135,"column":0},"end":{"line":188,"column":1}},"67":{"start":{"line":136,"column":19},"end":{"line":136,"column":38}},"68":{"start":{"line":138,"column":4},"end":{"line":185,"column":6}},"69":{"start":{"line":140,"column":8},"end":{"line":142,"column":9}},"70":{"start":{"line":141,"column":12},"end":{"line":141,"column":67}},"71":{"start":{"line":144,"column":18},"end":{"line":144,"column":44}},"72":{"start":{"line":145,"column":20},"end":{"line":145,"column":47}},"73":{"start":{"line":146,"column":19},"end":{"line":146,"column":36}},"74":{"start":{"line":148,"column":4},"end":{"line":148,"column":53}},"75":{"start":{"line":149,"column":4},"end":{"line":152,"column":6}},"76":{"start":{"line":153,"column":4},"end":{"line":153,"column":47}},"77":{"start":{"line":155,"column":4},"end":{"line":155,"column":21}},"78":{"start":{"line":156,"column":4},"end":{"line":156,"column":156}},"79":{"start":{"line":157,"column":4},"end":{"line":157,"column":22}},"80":{"start":{"line":158,"column":4},"end":{"line":158,"column":73}},"81":{"start":{"line":159,"column":4},"end":{"line":159,"column":22}},"82":{"start":{"line":160,"column":4},"end":{"line":160,"column":29}},"83":{"start":{"line":161,"column":4},"end":{"line":161,"column":22}},"84":{"start":{"line":162,"column":4},"end":{"line":162,"column":69}},"85":{"start":{"line":163,"column":4},"end":{"line":163,"column":22}},"86":{"start":{"line":164,"column":4},"end":{"line":164,"column":36}},"87":{"start":{"line":165,"column":4},"end":{"line":165,"column":22}},"88":{"start":{"line":166,"column":4},"end":{"line":166,"column":64}},"89":{"start":{"line":167,"column":4},"end":{"line":167,"column":22}},"90":{"start":{"line":168,"column":4},"end":{"line":168,"column":37}},"91":{"start":{"line":169,"column":4},"end":{"line":169,"column":64}},"92":{"start":{"line":170,"column":4},"end":{"line":170,"column":67}},"93":{"start":{"line":171,"column":4},"end":{"line":171,"column":64}},"94":{"start":{"line":172,"column":4},"end":{"line":172,"column":48}},"95":{"start":{"line":173,"column":4},"end":{"line":173,"column":64}},"96":{"start":{"line":174,"column":4},"end":{"line":174,"column":46}},"97":{"start":{"line":175,"column":4},"end":{"line":175,"column":64}},"98":{"start":{"line":176,"column":4},"end":{"line":176,"column":71}},"99":{"start":{"line":177,"column":4},"end":{"line":177,"column":64}},"100":{"start":{"line":178,"column":4},"end":{"line":178,"column":46}},"101":{"start":{"line":179,"column":4},"end":{"line":179,"column":64}},"102":{"start":{"line":180,"column":4},"end":{"line":180,"column":22}},"103":{"start":{"line":181,"column":4},"end":{"line":181,"column":17}},"104":{"start":{"line":184,"column":8},"end":{"line":184,"column":24}}},"fnMap":{"0":{"name":"(anonymous_0)","decl":{"start":{"line":7,"column":21},"end":{"line":7,"column":22}},"loc":{"start":{"line":7,"column":37},"end":{"line":19,"column":1}},"line":7},"1":{"name":"(anonymous_1)","decl":{"start":{"line":11,"column":10},"end":{"line":11,"column":11}},"loc":{"start":{"line":11,"column":18},"end":{"line":13,"column":5}},"line":11},"2":{"name":"(anonymous_2)","decl":{"start":{"line":14,"column":11},"end":{"line":14,"column":12}},"loc":{"start":{"line":14,"column":16},"end":{"line":17,"column":5}},"line":14},"3":{"name":"(anonymous_3)","decl":{"start":{"line":22,"column":19},"end":{"line":22,"column":20}},"loc":{"start":{"line":22,"column":35},"end":{"line":66,"column":1}},"line":22},"4":{"name":"(anonymous_4)","decl":{"start":{"line":29,"column":10},"end":{"line":29,"column":11}},"loc":{"start":{"line":29,"column":16},"end":{"line":60,"column":5}},"line":29},"5":{"name":"(anonymous_5)","decl":{"start":{"line":39,"column":14},"end":{"line":39,"column":15}},"loc":{"start":{"line":39,"column":18},"end":{"line":56,"column":9}},"line":39},"6":{"name":"(anonymous_6)","decl":{"start":{"line":41,"column":18},"end":{"line":41,"column":19}},"loc":{"start":{"line":41,"column":26},"end":{"line":51,"column":13}},"line":41},"7":{"name":"(anonymous_7)","decl":{"start":{"line":52,"column":19},"end":{"line":52,"column":20}},"loc":{"start":{"line":52,"column":24},"end":{"line":54,"column":13}},"line":52},"8":{"name":"(anonymous_8)","decl":{"start":{"line":61,"column":11},"end":{"line":61,"column":12}},"loc":{"start":{"line":61,"column":16},"end":{"line":64,"column":5}},"line":61},"9":{"name":"(anonymous_9)","decl":{"start":{"line":68,"column":22},"end":{"line":68,"column":23}},"loc":{"start":{"line":68,"column":38},"end":{"line":83,"column":1}},"line":68},"10":{"name":"(anonymous_10)","decl":{"start":{"line":75,"column":10},"end":{"line":75,"column":11}},"loc":{"start":{"line":75,"column":18},"end":{"line":78,"column":5}},"line":75},"11":{"name":"(anonymous_11)","decl":{"start":{"line":79,"column":11},"end":{"line":79,"column":12}},"loc":{"start":{"line":79,"column":16},"end":{"line":82,"column":5}},"line":79},"12":{"name":"(anonymous_12)","decl":{"start":{"line":85,"column":19},"end":{"line":85,"column":20}},"loc":{"start":{"line":85,"column":35},"end":{"line":107,"column":1}},"line":85},"13":{"name":"(anonymous_13)","decl":{"start":{"line":90,"column":10},"end":{"line":90,"column":11}},"loc":{"start":{"line":90,"column":16},"end":{"line":94,"column":5}},"line":90},"14":{"name":"(anonymous_14)","decl":{"start":{"line":95,"column":11},"end":{"line":95,"column":12}},"loc":{"start":{"line":95,"column":16},"end":{"line":97,"column":5}},"line":95},"15":{"name":"(anonymous_15)","decl":{"start":{"line":100,"column":10},"end":{"line":100,"column":11}},"loc":{"start":{"line":100,"column":18},"end":{"line":102,"column":5}},"line":100},"16":{"name":"(anonymous_16)","decl":{"start":{"line":103,"column":11},"end":{"line":103,"column":12}},"loc":{"start":{"line":103,"column":16},"end":{"line":106,"column":5}},"line":103},"17":{"name":"(anonymous_17)","decl":{"start":{"line":109,"column":15},"end":{"line":109,"column":16}},"loc":{"start":{"line":109,"column":31},"end":{"line":130,"column":1}},"line":109},"18":{"name":"(anonymous_18)","decl":{"start":{"line":114,"column":10},"end":{"line":114,"column":11}},"loc":{"start":{"line":114,"column":18},"end":{"line":124,"column":5}},"line":114},"19":{"name":"(anonymous_19)","decl":{"start":{"line":125,"column":11},"end":{"line":125,"column":12}},"loc":{"start":{"line":125,"column":16},"end":{"line":128,"column":5}},"line":125},"20":{"name":"(anonymous_20)","decl":{"start":{"line":135,"column":12},"end":{"line":135,"column":13}},"loc":{"start":{"line":135,"column":28},"end":{"line":188,"column":1}},"line":135},"21":{"name":"(anonymous_21)","decl":{"start":{"line":139,"column":10},"end":{"line":139,"column":11}},"loc":{"start":{"line":139,"column":18},"end":{"line":182,"column":5}},"line":139},"22":{"name":"(anonymous_22)","decl":{"start":{"line":183,"column":11},"end":{"line":183,"column":12}},"loc":{"start":{"line":183,"column":16},"end":{"line":185,"column":5}},"line":183}},"branchMap":{"0":{"loc":{"start":{"line":30,"column":8},"end":{"line":37,"column":9}},"type":"if","locations":[{"start":{"line":30,"column":8},"end":{"line":37,"column":9}},{"start":{"line":30,"column":8},"end":{"line":37,"column":9}}],"line":30},"1":{"loc":{"start":{"line":42,"column":16},"end":{"line":48,"column":17}},"type":"if","locations":[{"start":{"line":42,"column":16},"end":{"line":48,"column":17}},{"start":{"line":42,"column":16},"end":{"line":48,"column":17}}],"line":42},"2":{"loc":{"start":{"line":140,"column":8},"end":{"line":142,"column":9}},"type":"if","locations":[{"start":{"line":140,"column":8},"end":{"line":142,"column":9}},{"start":{"line":140,"column":8},"end":{"line":142,"column":9}}],"line":140}},"s":{"0":4,"1":4,"2":4,"3":4,"4":4,"5":4,"6":2,"7":2,"8":2,"9":0,"10":0,"11":4,"12":2,"13":2,"14":2,"15":2,"16":2,"17":2,"18":0,"19":0,"20":2,"21":2,"22":2,"23":1,"24":1,"25":0,"26":1,"27":1,"28":1,"29":2,"30":2,"31":0,"32":4,"33":1,"34":1,"35":1,"36":1,"37":1,"38":0,"39":0,"40":4,"41":1,"42":1,"43":1,"44":1,"45":1,"46":1,"47":0,"48":1,"49":1,"50":0,"51":0,"52":4,"53":1,"54":1,"55":1,"56":1,"57":1,"58":1,"59":1,"60":1,"61":1,"62":1,"63":1,"64":0,"65":0,"66":4,"67":0,"68":0,"69":0,"70":0,"71":0,"72":0,"73":0,"74":0,"75":0,"76":0,"77":0,"78":0,"79":0,"80":0,"81":0,"82":0,"83":0,"84":0,"85":0,"86":0,"87":0,"88":0,"89":0,"90":0,"91":0,"92":0,"93":0,"94":0,"95":0,"96":0,"97":0,"98":0,"99":0,"100":0,"101":0,"102":0,"103":0,"104":0},"f":{"0":2,"1":2,"2":0,"3":2,"4":2,"5":2,"6":2,"7":1,"8":0,"9":1,"10":1,"11":0,"12":1,"13":1,"14":0,"15":1,"16":0,"17":1,"18":1,"19":0,"20":0,"21":0,"22":0},"b":{"0":[2,0],"1":[1,0],"2":[0,0]},"_coverageSchema":"1a1c01bbd47fc00a2c39e90264f33305004495a9","hash":"4a101ba817572325ea2edcdc41feb80f81147f8e"}
,"/home/ayush/Desktop/Coursera/Backend/controllers/googleAuth.js": {"path":"/home/ayush/Desktop/Coursera/Backend/controllers/googleAuth.js","statementMap":{"0":{"start":{"line":1,"column":15},"end":{"line":1,"column":34}},"1":{"start":{"line":2,"column":12},"end":{"line":2,"column":35}},"2":{"start":{"line":3,"column":13},"end":{"line":3,"column":37}},"3":{"start":{"line":4,"column":15},"end":{"line":4,"column":42}},"4":{"start":{"line":5,"column":23},"end":{"line":5,"column":53}},"5":{"start":{"line":8,"column":15},"end":{"line":8,"column":51}},"6":{"start":{"line":11,"column":0},"end":{"line":65,"column":1}},"7":{"start":{"line":13,"column":22},"end":{"line":13,"column":30}},"8":{"start":{"line":16,"column":4},"end":{"line":63,"column":6}},"9":{"start":{"line":18,"column":44},"end":{"line":18,"column":60}},"10":{"start":{"line":19,"column":8},"end":{"line":19,"column":38}},"11":{"start":{"line":20,"column":8},"end":{"line":59,"column":9}},"12":{"start":{"line":21,"column":26},"end":{"line":21,"column":70}},"13":{"start":{"line":22,"column":12},"end":{"line":22,"column":35}},"14":{"start":{"line":23,"column":12},"end":{"line":23,"column":58}},"15":{"start":{"line":24,"column":12},"end":{"line":24,"column":24}},"16":{"start":{"line":26,"column":13},"end":{"line":59,"column":9}},"17":{"start":{"line":27,"column":12},"end":{"line":58,"column":14}},"18":{"start":{"line":30,"column":16},"end":{"line":54,"column":17}},"19":{"start":{"line":32,"column":20},"end":{"line":49,"column":18}},"20":{"start":{"line":34,"column":44},"end":{"line":40,"column":34}},"21":{"start":{"line":41,"column":28},"end":{"line":48,"column":30}},"22":{"start":{"line":44,"column":32},"end":{"line":44,"column":96}},"23":{"start":{"line":47,"column":32},"end":{"line":47,"column":49}},"24":{"start":{"line":53,"column":20},"end":{"line":53,"column":116}},"25":{"start":{"line":57,"column":16},"end":{"line":57,"column":32}},"26":{"start":{"line":62,"column":8},"end":{"line":62,"column":24}},"27":{"start":{"line":69,"column":0},"end":{"line":114,"column":1}},"28":{"start":{"line":71,"column":22},"end":{"line":71,"column":30}},"29":{"start":{"line":74,"column":4},"end":{"line":112,"column":6}},"30":{"start":{"line":76,"column":44},"end":{"line":76,"column":60}},"31":{"start":{"line":77,"column":8},"end":{"line":77,"column":38}},"32":{"start":{"line":78,"column":8},"end":{"line":108,"column":9}},"33":{"start":{"line":79,"column":26},"end":{"line":79,"column":70}},"34":{"start":{"line":80,"column":12},"end":{"line":80,"column":35}},"35":{"start":{"line":81,"column":12},"end":{"line":81,"column":58}},"36":{"start":{"line":82,"column":12},"end":{"line":82,"column":24}},"37":{"start":{"line":84,"column":13},"end":{"line":108,"column":9}},"38":{"start":{"line":85,"column":12},"end":{"line":107,"column":14}},"39":{"start":{"line":88,"column":16},"end":{"line":103,"column":17}},"40":{"start":{"line":90,"column":20},"end":{"line":90,"column":116}},"41":{"start":{"line":94,"column":41},"end":{"line":96,"column":55}},"42":{"start":{"line":98,"column":43},"end":{"line":100,"column":61}},"43":{"start":{"line":102,"column":20},"end":{"line":102,"column":160}},"44":{"start":{"line":106,"column":16},"end":{"line":106,"column":32}},"45":{"start":{"line":111,"column":8},"end":{"line":111,"column":24}}},"fnMap":{"0":{"name":"(anonymous_0)","decl":{"start":{"line":11,"column":21},"end":{"line":11,"column":22}},"loc":{"start":{"line":11,"column":32},"end":{"line":65,"column":1}},"line":11},"1":{"name":"(anonymous_1)","decl":{"start":{"line":17,"column":10},"end":{"line":17,"column":11}},"loc":{"start":{"line":17,"column":21},"end":{"line":60,"column":5}},"line":17},"2":{"name":"(anonymous_2)","decl":{"start":{"line":28,"column":18},"end":{"line":28,"column":19}},"loc":{"start":{"line":28,"column":24},"end":{"line":55,"column":13}},"line":28},"3":{"name":"(anonymous_3)","decl":{"start":{"line":33,"column":30},"end":{"line":33,"column":31}},"loc":{"start":{"line":33,"column":46},"end":{"line":49,"column":17}},"line":33},"4":{"name":"(anonymous_4)","decl":{"start":{"line":42,"column":34},"end":{"line":42,"column":35}},"loc":{"start":{"line":42,"column":42},"end":{"line":45,"column":29}},"line":42},"5":{"name":"(anonymous_5)","decl":{"start":{"line":46,"column":35},"end":{"line":46,"column":36}},"loc":{"start":{"line":46,"column":40},"end":{"line":48,"column":29}},"line":46},"6":{"name":"(anonymous_6)","decl":{"start":{"line":56,"column":19},"end":{"line":56,"column":20}},"loc":{"start":{"line":56,"column":24},"end":{"line":58,"column":13}},"line":56},"7":{"name":"(anonymous_7)","decl":{"start":{"line":61,"column":11},"end":{"line":61,"column":12}},"loc":{"start":{"line":61,"column":16},"end":{"line":63,"column":5}},"line":61},"8":{"name":"(anonymous_8)","decl":{"start":{"line":69,"column":22},"end":{"line":69,"column":23}},"loc":{"start":{"line":69,"column":33},"end":{"line":114,"column":1}},"line":69},"9":{"name":"(anonymous_9)","decl":{"start":{"line":75,"column":10},"end":{"line":75,"column":11}},"loc":{"start":{"line":75,"column":21},"end":{"line":109,"column":5}},"line":75},"10":{"name":"(anonymous_10)","decl":{"start":{"line":86,"column":18},"end":{"line":86,"column":19}},"loc":{"start":{"line":86,"column":24},"end":{"line":104,"column":13}},"line":86},"11":{"name":"(anonymous_11)","decl":{"start":{"line":105,"column":19},"end":{"line":105,"column":20}},"loc":{"start":{"line":105,"column":24},"end":{"line":107,"column":13}},"line":105},"12":{"name":"(anonymous_12)","decl":{"start":{"line":110,"column":11},"end":{"line":110,"column":12}},"loc":{"start":{"line":110,"column":16},"end":{"line":112,"column":5}},"line":110}},"branchMap":{"0":{"loc":{"start":{"line":20,"column":8},"end":{"line":59,"column":9}},"type":"if","locations":[{"start":{"line":20,"column":8},"end":{"line":59,"column":9}},{"start":{"line":20,"column":8},"end":{"line":59,"column":9}}],"line":20},"1":{"loc":{"start":{"line":26,"column":13},"end":{"line":59,"column":9}},"type":"if","locations":[{"start":{"line":26,"column":13},"end":{"line":59,"column":9}},{"start":{"line":26,"column":13},"end":{"line":59,"column":9}}],"line":26},"2":{"loc":{"start":{"line":30,"column":16},"end":{"line":54,"column":17}},"type":"if","locations":[{"start":{"line":30,"column":16},"end":{"line":54,"column":17}},{"start":{"line":30,"column":16},"end":{"line":54,"column":17}}],"line":30},"3":{"loc":{"start":{"line":78,"column":8},"end":{"line":108,"column":9}},"type":"if","locations":[{"start":{"line":78,"column":8},"end":{"line":108,"column":9}},{"start":{"line":78,"column":8},"end":{"line":108,"column":9}}],"line":78},"4":{"loc":{"start":{"line":84,"column":13},"end":{"line":108,"column":9}},"type":"if","locations":[{"start":{"line":84,"column":13},"end":{"line":108,"column":9}},{"start":{"line":84,"column":13},"end":{"line":108,"column":9}}],"line":84},"5":{"loc":{"start":{"line":88,"column":16},"end":{"line":103,"column":17}},"type":"if","locations":[{"start":{"line":88,"column":16},"end":{"line":103,"column":17}},{"start":{"line":88,"column":16},"end":{"line":103,"column":17}}],"line":88}},"s":{"0":4,"1":4,"2":4,"3":4,"4":4,"5":4,"6":4,"7":0,"8":0,"9":0,"10":0,"11":0,"12":0,"13":0,"14":0,"15":0,"16":0,"17":0,"18":0,"19":0,"20":0,"21":0,"22":0,"23":0,"24":0,"25":0,"26":0,"27":4,"28":0,"29":0,"30":0,"31":0,"32":0,"33":0,"34":0,"35":0,"36":0,"37":0,"38":0,"39":0,"40":0,"41":0,"42":0,"43":0,"44":0,"45":0},"f":{"0":0,"1":0,"2":0,"3":0,"4":0,"5":0,"6":0,"7":0,"8":0,"9":0,"10":0,"11":0,"12":0},"b":{"0":[0,0],"1":[0,0],"2":[0,0],"3":[0,0],"4":[0,0],"5":[0,0]},"_coverageSchema":"1a1c01bbd47fc00a2c39e90264f33305004495a9","hash":"3da0fce4ea4e305c0923a5e04dca2d262f32b0ed"}
,"/home/ayush/Desktop/Coursera/Backend/controllers/homepage.js": {"path":"/home/ayush/Desktop/Coursera/Backend/controllers/homepage.js","statementMap":{"0":{"start":{"line":1,"column":15},"end":{"line":1,"column":42}},"1":{"start":{"line":2,"column":14},"end":{"line":2,"column":38}},"2":{"start":{"line":4,"column":0},"end":{"line":13,"column":1}},"3":{"start":{"line":5,"column":4},"end":{"line":12,"column":6}},"4":{"start":{"line":8,"column":8},"end":{"line":8,"column":45}},"5":{"start":{"line":11,"column":8},"end":{"line":11,"column":24}},"6":{"start":{"line":17,"column":0},"end":{"line":41,"column":1}},"7":{"start":{"line":18,"column":21},"end":{"line":18,"column":38}},"8":{"start":{"line":20,"column":4},"end":{"line":40,"column":5}},"9":{"start":{"line":21,"column":8},"end":{"line":29,"column":10}},"10":{"start":{"line":24,"column":12},"end":{"line":24,"column":50}},"11":{"start":{"line":27,"column":12},"end":{"line":27,"column":28}},"12":{"start":{"line":28,"column":12},"end":{"line":28,"column":59}},"13":{"start":{"line":32,"column":8},"end":{"line":39,"column":10}},"14":{"start":{"line":35,"column":12},"end":{"line":35,"column":50}},"15":{"start":{"line":38,"column":12},"end":{"line":38,"column":28}},"16":{"start":{"line":44,"column":0},"end":{"line":83,"column":1}},"17":{"start":{"line":45,"column":21},"end":{"line":45,"column":38}},"18":{"start":{"line":47,"column":4},"end":{"line":82,"column":5}},"19":{"start":{"line":48,"column":23},"end":{"line":48,"column":38}},"20":{"start":{"line":49,"column":26},"end":{"line":49,"column":28}},"21":{"start":{"line":50,"column":25},"end":{"line":50,"column":26}},"22":{"start":{"line":52,"column":8},"end":{"line":79,"column":10}},"23":{"start":{"line":58,"column":12},"end":{"line":73,"column":14}},"24":{"start":{"line":60,"column":16},"end":{"line":72,"column":18}},"25":{"start":{"line":62,"column":20},"end":{"line":62,"column":35}},"26":{"start":{"line":63,"column":20},"end":{"line":63,"column":48}},"27":{"start":{"line":65,"column":20},"end":{"line":67,"column":21}},"28":{"start":{"line":66,"column":24},"end":{"line":66,"column":66}},"29":{"start":{"line":71,"column":20},"end":{"line":71,"column":37}},"30":{"start":{"line":78,"column":12},"end":{"line":78,"column":28}},"31":{"start":{"line":87,"column":0},"end":{"line":103,"column":1}},"32":{"start":{"line":88,"column":29},"end":{"line":88,"column":46}},"33":{"start":{"line":89,"column":19},"end":{"line":89,"column":34}},"34":{"start":{"line":91,"column":4},"end":{"line":101,"column":6}},"35":{"start":{"line":93,"column":8},"end":{"line":93,"column":42}},"36":{"start":{"line":94,"column":8},"end":{"line":94,"column":20}},"37":{"start":{"line":96,"column":8},"end":{"line":96,"column":65}},"38":{"start":{"line":99,"column":8},"end":{"line":99,"column":25}},"39":{"start":{"line":100,"column":8},"end":{"line":100,"column":20}}},"fnMap":{"0":{"name":"(anonymous_0)","decl":{"start":{"line":4,"column":21},"end":{"line":4,"column":22}},"loc":{"start":{"line":4,"column":32},"end":{"line":13,"column":1}},"line":4},"1":{"name":"(anonymous_1)","decl":{"start":{"line":6,"column":10},"end":{"line":6,"column":11}},"loc":{"start":{"line":6,"column":18},"end":{"line":9,"column":5}},"line":6},"2":{"name":"(anonymous_2)","decl":{"start":{"line":10,"column":11},"end":{"line":10,"column":12}},"loc":{"start":{"line":10,"column":16},"end":{"line":12,"column":5}},"line":10},"3":{"name":"(anonymous_3)","decl":{"start":{"line":17,"column":23},"end":{"line":17,"column":24}},"loc":{"start":{"line":17,"column":39},"end":{"line":41,"column":1}},"line":17},"4":{"name":"(anonymous_4)","decl":{"start":{"line":22,"column":14},"end":{"line":22,"column":15}},"loc":{"start":{"line":22,"column":23},"end":{"line":25,"column":9}},"line":22},"5":{"name":"(anonymous_5)","decl":{"start":{"line":26,"column":15},"end":{"line":26,"column":16}},"loc":{"start":{"line":26,"column":20},"end":{"line":29,"column":9}},"line":26},"6":{"name":"(anonymous_6)","decl":{"start":{"line":33,"column":14},"end":{"line":33,"column":15}},"loc":{"start":{"line":33,"column":23},"end":{"line":36,"column":9}},"line":33},"7":{"name":"(anonymous_7)","decl":{"start":{"line":37,"column":15},"end":{"line":37,"column":16}},"loc":{"start":{"line":37,"column":20},"end":{"line":39,"column":9}},"line":37},"8":{"name":"(anonymous_8)","decl":{"start":{"line":44,"column":28},"end":{"line":44,"column":29}},"loc":{"start":{"line":44,"column":44},"end":{"line":83,"column":1}},"line":44},"9":{"name":"(anonymous_9)","decl":{"start":{"line":53,"column":14},"end":{"line":53,"column":15}},"loc":{"start":{"line":53,"column":20},"end":{"line":75,"column":9}},"line":53},"10":{"name":"(anonymous_10)","decl":{"start":{"line":58,"column":37},"end":{"line":58,"column":38}},"loc":{"start":{"line":58,"column":49},"end":{"line":73,"column":13}},"line":58},"11":{"name":"(anonymous_11)","decl":{"start":{"line":61,"column":22},"end":{"line":61,"column":23}},"loc":{"start":{"line":61,"column":30},"end":{"line":69,"column":17}},"line":61},"12":{"name":"(anonymous_12)","decl":{"start":{"line":70,"column":23},"end":{"line":70,"column":24}},"loc":{"start":{"line":70,"column":28},"end":{"line":72,"column":17}},"line":70},"13":{"name":"(anonymous_13)","decl":{"start":{"line":77,"column":15},"end":{"line":77,"column":16}},"loc":{"start":{"line":77,"column":20},"end":{"line":79,"column":9}},"line":77},"14":{"name":"(anonymous_14)","decl":{"start":{"line":87,"column":25},"end":{"line":87,"column":26}},"loc":{"start":{"line":87,"column":41},"end":{"line":103,"column":1}},"line":87},"15":{"name":"(anonymous_15)","decl":{"start":{"line":92,"column":10},"end":{"line":92,"column":11}},"loc":{"start":{"line":92,"column":16},"end":{"line":97,"column":5}},"line":92},"16":{"name":"(anonymous_16)","decl":{"start":{"line":98,"column":11},"end":{"line":98,"column":12}},"loc":{"start":{"line":98,"column":16},"end":{"line":101,"column":5}},"line":98}},"branchMap":{"0":{"loc":{"start":{"line":20,"column":4},"end":{"line":40,"column":5}},"type":"if","locations":[{"start":{"line":20,"column":4},"end":{"line":40,"column":5}},{"start":{"line":20,"column":4},"end":{"line":40,"column":5}}],"line":20},"1":{"loc":{"start":{"line":20,"column":7},"end":{"line":20,"column":39}},"type":"binary-expr","locations":[{"start":{"line":20,"column":7},"end":{"line":20,"column":23}},{"start":{"line":20,"column":27},"end":{"line":20,"column":39}}],"line":20},"2":{"loc":{"start":{"line":47,"column":4},"end":{"line":82,"column":5}},"type":"if","locations":[{"start":{"line":47,"column":4},"end":{"line":82,"column":5}},{"start":{"line":47,"column":4},"end":{"line":82,"column":5}}],"line":47},"3":{"loc":{"start":{"line":65,"column":20},"end":{"line":67,"column":21}},"type":"if","locations":[{"start":{"line":65,"column":20},"end":{"line":67,"column":21}},{"start":{"line":65,"column":20},"end":{"line":67,"column":21}}],"line":65}},"s":{"0":4,"1":4,"2":4,"3":1,"4":1,"5":0,"6":4,"7":4,"8":4,"9":1,"10":1,"11":0,"12":0,"13":3,"14":3,"15":0,"16":4,"17":0,"18":0,"19":0,"20":0,"21":0,"22":0,"23":0,"24":0,"25":0,"26":0,"27":0,"28":0,"29":0,"30":0,"31":4,"32":0,"33":0,"34":0,"35":0,"36":0,"37":0,"38":0,"39":0},"f":{"0":1,"1":1,"2":0,"3":4,"4":1,"5":0,"6":3,"7":0,"8":0,"9":0,"10":0,"11":0,"12":0,"13":0,"14":0,"15":0,"16":0},"b":{"0":[1,3],"1":[4,3],"2":[0,0],"3":[0,0]},"_coverageSchema":"1a1c01bbd47fc00a2c39e90264f33305004495a9","hash":"32ff08a3419445fd539663a0ffc092a0fd44a55e"}
,"/home/ayush/Desktop/Coursera/Backend/controllers/stripe.js": {"path":"/home/ayush/Desktop/Coursera/Backend/controllers/stripe.js","statementMap":{"0":{"start":{"line":1,"column":14},"end":{"line":1,"column":41}},"1":{"start":{"line":2,"column":15},"end":{"line":2,"column":55}},"2":{"start":{"line":3,"column":15},"end":{"line":3,"column":42}},"3":{"start":{"line":5,"column":0},"end":{"line":14,"column":1}},"4":{"start":{"line":6,"column":21},"end":{"line":6,"column":40}},"5":{"start":{"line":7,"column":4},"end":{"line":13,"column":6}},"6":{"start":{"line":9,"column":8},"end":{"line":9,"column":45}},"7":{"start":{"line":12,"column":8},"end":{"line":12,"column":24}},"8":{"start":{"line":17,"column":0},"end":{"line":40,"column":1}},"9":{"start":{"line":19,"column":22},"end":{"line":19,"column":30}},"10":{"start":{"line":20,"column":4},"end":{"line":20,"column":27}},"11":{"start":{"line":22,"column":4},"end":{"line":39,"column":6}},"12":{"start":{"line":29,"column":8},"end":{"line":29,"column":30}},"13":{"start":{"line":30,"column":12},"end":{"line":32,"column":26}},"14":{"start":{"line":35,"column":8},"end":{"line":35,"column":25}},"15":{"start":{"line":36,"column":8},"end":{"line":38,"column":29}}},"fnMap":{"0":{"name":"(anonymous_0)","decl":{"start":{"line":5,"column":22},"end":{"line":5,"column":23}},"loc":{"start":{"line":5,"column":33},"end":{"line":14,"column":1}},"line":5},"1":{"name":"(anonymous_1)","decl":{"start":{"line":8,"column":10},"end":{"line":8,"column":11}},"loc":{"start":{"line":8,"column":18},"end":{"line":10,"column":5}},"line":8},"2":{"name":"(anonymous_2)","decl":{"start":{"line":11,"column":11},"end":{"line":11,"column":12}},"loc":{"start":{"line":11,"column":16},"end":{"line":13,"column":5}},"line":11},"3":{"name":"(anonymous_3)","decl":{"start":{"line":17,"column":22},"end":{"line":17,"column":23}},"loc":{"start":{"line":17,"column":33},"end":{"line":40,"column":1}},"line":17},"4":{"name":"(anonymous_4)","decl":{"start":{"line":28,"column":12},"end":{"line":28,"column":13}},"loc":{"start":{"line":28,"column":22},"end":{"line":32,"column":27}},"line":28},"5":{"name":"(anonymous_5)","decl":{"start":{"line":34,"column":11},"end":{"line":34,"column":12}},"loc":{"start":{"line":34,"column":16},"end":{"line":39,"column":5}},"line":34}},"branchMap":{},"s":{"0":4,"1":4,"2":4,"3":4,"4":1,"5":1,"6":1,"7":0,"8":4,"9":0,"10":0,"11":0,"12":0,"13":0,"14":0,"15":0},"f":{"0":1,"1":1,"2":0,"3":0,"4":0,"5":0},"b":{},"_coverageSchema":"1a1c01bbd47fc00a2c39e90264f33305004495a9","hash":"aa21e83997fdd874b46e03c695681752c6809573"}
,"/home/ayush/Desktop/Coursera/Backend/controllers/teacher.js": {"path":"/home/ayush/Desktop/Coursera/Backend/controllers/teacher.js","statementMap":{"0":{"start":{"line":1,"column":15},"end":{"line":1,"column":42}},"1":{"start":{"line":3,"column":0},"end":{"line":35,"column":1}},"2":{"start":{"line":6,"column":19},"end":{"line":6,"column":32}},"3":{"start":{"line":7,"column":17},"end":{"line":7,"column":29}},"4":{"start":{"line":8,"column":90},"end":{"line":8,"column":98}},"5":{"start":{"line":10,"column":4},"end":{"line":10,"column":29}},"6":{"start":{"line":12,"column":19},"end":{"line":24,"column":6}},"7":{"start":{"line":26,"column":4},"end":{"line":33,"column":6}},"8":{"start":{"line":28,"column":8},"end":{"line":28,"column":28}},"9":{"start":{"line":29,"column":8},"end":{"line":29,"column":86}},"10":{"start":{"line":32,"column":8},"end":{"line":32,"column":25}},"11":{"start":{"line":37,"column":0},"end":{"line":66,"column":1}},"12":{"start":{"line":38,"column":21},"end":{"line":38,"column":40}},"13":{"start":{"line":39,"column":4},"end":{"line":39,"column":27}},"14":{"start":{"line":40,"column":20},"end":{"line":40,"column":29}},"15":{"start":{"line":43,"column":23},"end":{"line":43,"column":25}},"16":{"start":{"line":45,"column":4},"end":{"line":65,"column":6}},"17":{"start":{"line":48,"column":8},"end":{"line":55,"column":10}},"18":{"start":{"line":49,"column":40},"end":{"line":52,"column":13}},"19":{"start":{"line":53,"column":12},"end":{"line":53,"column":56}},"20":{"start":{"line":54,"column":12},"end":{"line":54,"column":53}},"21":{"start":{"line":56,"column":8},"end":{"line":56,"column":34}},"22":{"start":{"line":57,"column":8},"end":{"line":57,"column":41}},"23":{"start":{"line":58,"column":8},"end":{"line":61,"column":10}},"24":{"start":{"line":60,"column":12},"end":{"line":60,"column":74}},"25":{"start":{"line":64,"column":8},"end":{"line":64,"column":25}},"26":{"start":{"line":68,"column":0},"end":{"line":94,"column":1}},"27":{"start":{"line":69,"column":17},"end":{"line":69,"column":32}},"28":{"start":{"line":70,"column":18},"end":{"line":70,"column":34}},"29":{"start":{"line":71,"column":19},"end":{"line":71,"column":36}},"30":{"start":{"line":72,"column":4},"end":{"line":72,"column":25}},"31":{"start":{"line":73,"column":4},"end":{"line":93,"column":6}},"32":{"start":{"line":75,"column":8},"end":{"line":86,"column":10}},"33":{"start":{"line":76,"column":12},"end":{"line":76,"column":30}},"34":{"start":{"line":77,"column":12},"end":{"line":83,"column":13}},"35":{"start":{"line":78,"column":16},"end":{"line":80,"column":17}},"36":{"start":{"line":79,"column":20},"end":{"line":79,"column":52}},"37":{"start":{"line":81,"column":16},"end":{"line":81,"column":44}},"38":{"start":{"line":82,"column":16},"end":{"line":82,"column":29}},"39":{"start":{"line":84,"column":12},"end":{"line":84,"column":24}},"40":{"start":{"line":85,"column":12},"end":{"line":85,"column":30}},"41":{"start":{"line":87,"column":8},"end":{"line":87,"column":22}},"42":{"start":{"line":88,"column":8},"end":{"line":88,"column":40}},"43":{"start":{"line":89,"column":8},"end":{"line":89,"column":44}},"44":{"start":{"line":92,"column":8},"end":{"line":92,"column":24}},"45":{"start":{"line":96,"column":0},"end":{"line":105,"column":1}},"46":{"start":{"line":97,"column":4},"end":{"line":97,"column":29}},"47":{"start":{"line":98,"column":4},"end":{"line":104,"column":6}},"48":{"start":{"line":100,"column":8},"end":{"line":100,"column":43}},"49":{"start":{"line":103,"column":8},"end":{"line":103,"column":25}},"50":{"start":{"line":107,"column":0},"end":{"line":117,"column":1}},"51":{"start":{"line":108,"column":19},"end":{"line":108,"column":36}},"52":{"start":{"line":110,"column":4},"end":{"line":116,"column":6}},"53":{"start":{"line":112,"column":8},"end":{"line":112,"column":69}},"54":{"start":{"line":115,"column":8},"end":{"line":115,"column":24}},"55":{"start":{"line":120,"column":0},"end":{"line":130,"column":1}},"56":{"start":{"line":121,"column":22},"end":{"line":121,"column":39}},"57":{"start":{"line":123,"column":4},"end":{"line":129,"column":6}},"58":{"start":{"line":125,"column":8},"end":{"line":125,"column":38}},"59":{"start":{"line":128,"column":8},"end":{"line":128,"column":24}},"60":{"start":{"line":132,"column":0},"end":{"line":167,"column":1}},"61":{"start":{"line":133,"column":6},"end":{"line":133,"column":27}},"62":{"start":{"line":134,"column":20},"end":{"line":134,"column":37}},"63":{"start":{"line":135,"column":17},"end":{"line":135,"column":31}},"64":{"start":{"line":136,"column":20},"end":{"line":136,"column":37}},"65":{"start":{"line":137,"column":20},"end":{"line":137,"column":33}},"66":{"start"
[...]
"end":{"line":59,"column":15}},"loc":{"start":{"line":59,"column":22},"end":{"line":61,"column":9}},"line":59},"7":{"name":"(anonymous_7)","decl":{"start":{"line":63,"column":11},"end":{"line":63,"column":12}},"loc":{"start":{"line":63,"column":16},"end":{"line":65,"column":5}},"line":63},"8":{"name":"(anonymous_8)","decl":{"start":{"line":68,"column":25},"end":{"line":68,"column":26}},"loc":{"start":{"line":68,"column":41},"end":{"line":94,"column":1}},"line":68},"9":{"name":"(anonymous_9)","decl":{"start":{"line":74,"column":10},"end":{"line":74,"column":11}},"loc":{"start":{"line":74,"column":18},"end":{"line":90,"column":5}},"line":74},"10":{"name":"(anonymous_10)","decl":{"start":{"line":75,"column":34},"end":{"line":75,"column":35}},"loc":{"start":{"line":75,"column":41},"end":{"line":86,"column":9}},"line":75},"11":{"name":"(anonymous_11)","decl":{"start":{"line":91,"column":11},"end":{"line":91,"column":12}},"loc":{"start":{"line":91,"column":16},"end":{"line":93,"column":5}},"line":91},"12":{"name":"(anonymous_12)","decl":{"start":{"line":96,"column":21},"end":{"line":96,"column":22}},"loc":{"start":{"line":96,"column":37},"end":{"line":105,"column":1}},"line":96},"13":{"name":"(anonymous_13)","decl":{"start":{"line":99,"column":10},"end":{"line":99,"column":11}},"loc":{"start":{"line":99,"column":18},"end":{"line":101,"column":5}},"line":99},"14":{"name":"(anonymous_14)","decl":{"start":{"line":102,"column":11},"end":{"line":102,"column":12}},"loc":{"start":{"line":102,"column":16},"end":{"line":104,"column":5}},"line":102},"15":{"name":"(anonymous_15)","decl":{"start":{"line":107,"column":21},"end":{"line":107,"column":22}},"loc":{"start":{"line":107,"column":37},"end":{"line":117,"column":1}},"line":107},"16":{"name":"(anonymous_16)","decl":{"start":{"line":111,"column":10},"end":{"line":111,"column":11}},"loc":{"start":{"line":111,"column":18},"end":{"line":113,"column":5}},"line":111},"17":{"name":"(anonymous_17)","decl":{"start":{"line":114,"column":11},"end":{"line":114,"column":12}},"loc":{"start":{"line":114,"column":16},"end":{"line":116,"column":5}},"line":114},"18":{"name":"(anonymous_18)","decl":{"start":{"line":120,"column":21},"end":{"line":120,"column":22}},"loc":{"start":{"line":120,"column":37},"end":{"line":130,"column":1}},"line":120},"19":{"name":"(anonymous_19)","decl":{"start":{"line":124,"column":10},"end":{"line":124,"column":11}},"loc":{"start":{"line":124,"column":18},"end":{"line":126,"column":5}},"line":124},"20":{"name":"(anonymous_20)","decl":{"start":{"line":127,"column":11},"end":{"line":127,"column":12}},"loc":{"start":{"line":127,"column":16},"end":{"line":129,"column":5}},"line":127},"21":{"name":"(anonymous_21)","decl":{"start":{"line":132,"column":21},"end":{"line":132,"column":22}},"loc":{"start":{"line":132,"column":37},"end":{"line":167,"column":1}},"line":132},"22":{"name":"(anonymous_22)","decl":{"start":{"line":146,"column":11},"end":{"line":146,"column":12}},"loc":{"start":{"line":146,"column":19},"end":{"line":160,"column":6}},"line":146},"23":{"name":"(anonymous_23)","decl":{"start":{"line":161,"column":12},"end":{"line":161,"column":13}},"loc":{"start":{"line":161,"column":17},"end":{"line":163,"column":6}},"line":161}},"branchMap":{"0":{"loc":{"start":{"line":77,"column":12},"end":{"line":83,"column":13}},"type":"if","locations":[{"start":{"line":77,"column":12},"end":{"line":83,"column":13}},{"start":{"line":77,"column":12},"end":{"line":83,"column":13}}],"line":77},"1":{"loc":{"start":{"line":78,"column":16},"end":{"line":80,"column":17}},"type":"if","locations":[{"start":{"line":78,"column":16},"end":{"line":80,"column":17}},{"start":{"line":78,"column":16},"end":{"line":80,"column":17}}],"line":78}},"s":{"0":4,"1":4,"2":0,"3":0,"4":0,"5":0,"6":0,"7":0,"8":0,"9":0,"10":0,"11":4,"12":0,"13":0,"14":0,"15":0,"16":0,"17":0,"18":0,"19":0,"20":0,"21":0,"22":0,"23":0,"24":0,"25":0,"26":4,"27":0,"28":0,"29":0,"30":0,"31":0,"32":0,"33":0,"34":0,"35":0,"36":0,"37":0,"38":0,"39":0,"40":0,"41":0,"42":0,"43":0,"44":0,"45":4,"46":0,"47":0,"48":0,"49":0,"50":4,"51":0,"52":0,"53":0,"54":0,"55":4,"56":0,"57":0,"58":0,"59":0,"60":4,"61":0,"62":0,"63":0,"64":0,"65":0,"66":0,"67":0,"68":0,"69":0,"70":0,"71":0,"72":0,"73":0,"74":0,"75":0,"76":0,"77":0,"78":0,"79":0,"80":0,"81":0,"82":0,"83":0},"f":{"0":0,"1":0,"2":0,"3":0,"4":0,"5":0,"6":0,"7":0,"8":0,"9":0,"10":0,"11":0,"12":0,"13":0,"14":0,"15":0,"16":0,"17":0,"18":0,"19":0,"20":0,"21":0,"22":0,"23":0},"b":{"0":[0,0],"1":[0,0]},"_coverageSchema":"1a1c01bbd47fc00a2c39e90264f33305004495a9","hash":"b2ce4277dc380385186f2f7fd054faebc393778b"}
,"/home/ayush/Desktop/Coursera/Backend/model/courses.js": {"path":"/home/ayush/Desktop/Coursera/Backend/model/courses.js","statementMap":{"0":{"start":{"line":1,"column":17},"end":{"line":1,"column":36}},"1":{"start":{"line":2,"column":15},"end":{"line":2,"column":30}},"2":{"start":{"line":4,"column":21},"end":{"line":85,"column":1}},"3":{"start":{"line":87,"column":0},"end":{"line":87,"column":55}}},"fnMap":{},"branchMap":{},"s":{"0":4,"1":4,"2":4,"3":4},"f":{},"b":{},"_coverageSchema":"1a1c01bbd47fc00a2c39e90264f33305004495a9","hash":"4fcbe67273c66aedcecb8d0050f28f40b96c04ee"}
,"/home/ayush/Desktop/Coursera/Backend/model/otp.js": {"path":"/home/ayush/Desktop/Coursera/Backend/model/otp.js","statementMap":{"0":{"start":{"line":1,"column":17},"end":{"line":1,"column":36}},"1":{"start":{"line":2,"column":15},"end":{"line":2,"column":30}},"2":{"start":{"line":4,"column":17},"end":{"line":19,"column":2}},"3":{"start":{"line":21,"column":0},"end":{"line":21,"column":48}}},"fnMap":{},"branchMap":{},"s":{"0":4,"1":4,"2":4,"3":4},"f":{},"b":{},"_coverageSchema":"1a1c01bbd47fc00a2c39e90264f33305004495a9","hash":"11b8c9ed5656159f8a4576a8b79935152bb6f5ed"}
,"/home/ayush/Desktop/Coursera/Backend/model/user.js": {"path":"/home/ayush/Desktop/Coursera/Backend/model/user.js","statementMap":{"0":{"start":{"line":1,"column":17},"end":{"line":1,"column":36}},"1":{"start":{"line":2,"column":15},"end":{"line":2,"column":30}},"2":{"start":{"line":4,"column":19},"end":{"line":50,"column":2}},"3":{"start":{"line":52,"column":0},"end":{"line":52,"column":51}}},"fnMap":{},"branchMap":{},"s":{"0":4,"1":4,"2":4,"3":4},"f":{},"b":{},"_coverageSchema":"1a1c01bbd47fc00a2c39e90264f33305004495a9","hash":"2ab5a9546b920f44f4f461cd7ba985d6b8baaacb"}
,"/home/ayush/Desktop/Coursera/Backend/routes/auth.js": {"path":"/home/ayush/Desktop/Coursera/Backend/routes/auth.js","statementMap":{"0":{"start":{"line":1,"column":16},"end":{"line":1,"column":34}},"1":{"start":{"line":2,"column":22},"end":{"line":2,"column":52}},"2":{"start":{"line":3,"column":23},"end":{"line":3,"column":59}},"3":{"start":{"line":4,"column":16},"end":{"line":4,"column":44}},"4":{"start":{"line":5,"column":13},"end":{"line":5,"column":49}},"5":{"start":{"line":6,"column":14},"end":{"line":6,"column":30}},"6":{"start":{"line":7,"column":11},"end":{"line":7,"column":35}},"7":{"start":{"line":9,"column":0},"end":{"line":32,"column":25}},"8":{"start":{"line":15,"column":8},"end":{"line":20,"column":10}},"9":{"start":{"line":17,"column":12},"end":{"line":19,"column":13}},"10":{"start":{"line":18,"column":16},"end":{"line":18,"column":63}},"11":{"start":{"line":34,"column":0},"end":{"line":47,"column":30}},"12":{"start":{"line":40,"column":8},"end":{"line":45,"column":10}},"13":{"start":{"line":42,"column":12},"end":{"line":44,"column":13}},"14":{"start":{"line":43,"column":16},"end":{"line":43,"column":70}},"15":{"start":{"line":49,"column":0},"end":{"line":49,"column":58}},"16":{"start":{"line":50,"column":0},"end":{"line":50,"column":61}},"17":{"start":{"line":51,"column":0},"end":{"line":51,"column":58}},"18":{"start":{"line":52,"column":0},"end":{"line":52,"column":68}},"19":{"start":{"line":53,"column":0},"end":{"line":53,"column":65}},"20":{"start":{"line":57,"column":0},"end":{"line":57,"column":58}},"21":{"start":{"line":58,"column":0},"end":{"line":58,"column":60}},"22":{"start":{"line":61,"column":0},"end":{"line":61,"column":51}},"23":{"start":{"line":64,"column":0},"end":{"line":64,"column":24}}},"fnMap":{"0":{"name":"(anonymous_0)","decl":{"start":{"line":14,"column":12},"end":{"line":14,"column":13}},"loc":{"start":{"line":14,"column":27},"end":{"line":21,"column":5}},"line":14},"1":{"name":"(anonymous_1)","decl":{"start":{"line":16,"column":14},"end":{"line":16,"column":15}},"loc":{"start":{"line":16,"column":20},"end":{"line":20,"column":9}},"line":16},"2":{"name":"(anonymous_2)","decl":{"start":{"line":39,"column":12},"end":{"line":39,"column":13}},"loc":{"start":{"line":39,"column":27},"end":{"line":47,"column":5}},"line":39},"3":{"name":"(anonymous_3)","decl":{"start":{"line":41,"column":14},"end":{"line":41,"column":15}},"loc":{"start":{"line":41,"column":20},"end":{"line":45,"column":9}},"line":41}},"branchMap":{"0":{"loc":{"start":{"line":17,"column":12},"end":{"line":19,"column":13}},"type":"if","locations":[{"start":{"line":17,"column":12},"end":{"line":19,"column":13}},{"start":{"line":17,"column":12},"end":{"line":19,"column":13}}],"line":17},"1":{"loc":{"start":{"line":42,"column":12},"end":{"line":44,"column":13}},"type":"if","locations":[{"start":{"line":42,"column":12},"end":{"line":44,"column":13}},{"start":{"line":42,"column":12},"end":{"line":44,"column":13}}],"line":42}},"s":{"0":4,"1":4,"2":4,"3":4,"4":4,"5":4,"6":4,"7":4,"8":1,"9":1,"10":0,"11":4,"12":2,"13":2,"14":1,"15":4,"16":4,"17":4,"18":4,"19":4,"20":4,"21":4,"22":4,"23":4},"f":{"0":1,"1":1,"2":2,"3":2},"b":{"0":[0,1],"1":[1,1]},"_coverageSchema":"1a1c01bbd47fc00a2c39e90264f33305004495a9","hash":"770b078473913f264b759169a08aab248b6747fd"}
,"/home/ayush/Desktop/Coursera/Backend/routes/coursepage.js": {"path":"/home/ayush/Desktop/Coursera/Backend/routes/coursepage.js","statementMap":{"0":{"start":{"line":1,"column":16},"end":{"line":1,"column":34}},"1":{"start":{"line":2,"column":14},"end":{"line":2,"column":30}},"2":{"start":{"line":4,"column":24},"end":{"line":4,"column":60}},"3":{"start":{"line":5,"column":13},"end":{"line":5,"column":49}},"4":{"start":{"line":8,"column":0},"end":{"line":8,"column":92}},"5":{"start":{"line":9,"column":0},"end":{"line":9,"column":89}},"6":{"start":{"line":10,"column":0},"end":{"line":10,"column":89}},"7":{"start":{"line":11,"column":0},"end":{"line":11,"column":75}},"8":{"start":{"line":12,"column":0},"end":{"line":12,"column":66}},"9":{"start":{"line":13,"column":0},"end":{"line":13,"column":59}},"10":{"start":{"line":15,"column":0},"end":{"line":15,"column":24}}},"fnMap":{},"branchMap":{},"s":{"0":4,"1":4,"2":4,"3":4,"4":4,"5":4,"6":4,"7":4,"8":4,"9":4,"10":4},"f":{},"b":{},"_coverageSchema":"1a1c01bbd47fc00a2c39e90264f33305004495a9","hash":"913fab1051b9a22a93978de76933cc1040c5ea0a"}
,"/home/ayush/Desktop/Coursera/Backend/routes/homepage.js": {"path":"/home/ayush/Desktop/Coursera/Backend/routes/homepage.js","statementMap":{"0":{"start":{"line":1,"column":16},"end":{"line":1,"column":34}},"1":{"start":{"line":2,"column":14},"end":{"line":2,"column":30}},"2":{"start":{"line":5,"column":22},"end":{"line":5,"column":56}},"3":{"start":{"line":6,"column":13},"end":{"line":6,"column":49}},"4":{"start":{"line":8,"column":0},"end":{"line":8,"column":57}},"5":{"start":{"line":9,"column":0},"end":{"line":9,"column":56}},"6":{"start":{"line":10,"column":0},"end":{"line":10,"column":82}},"7":{"start":{"line":11,"column":0},"end":{"line":11,"column":81}},"8":{"start":{"line":15,"column":0},"end":{"line":15,"column":24}}},"fnMap":{},"branchMap":{},"s":{"0":4,"1":4,"2":4,"3":4,"4":4,"5":4,"6":4,"7":4,"8":4},"f":{},"b":{},"_coverageSchema":"1a1c01bbd47fc00a2c39e90264f33305004495a9","hash":"58550eb323e21e2d5f3d2027d08cd6c744ae1ed3"}
,"/home/ayush/Desktop/Coursera/Backend/routes/stripe.js": {"path":"/home/ayush/Desktop/Coursera/Backend/routes/stripe.js","statementMap":{"0":{"start":{"line":1,"column":16},"end":{"line":1,"column":34}},"1":{"start":{"line":2,"column":14},"end":{"line":2,"column":30}},"2":{"start":{"line":3,"column":24},"end":{"line":3,"column":56}},"3":{"start":{"line":4,"column":13},"end":{"line":4,"column":49}},"4":{"start":{"line":7,"column":0},"end":{"line":7,"column":82}},"5":{"start":{"line":8,"column":0},"end":{"line":8,"column":83}},"6":{"start":{"line":10,"column":0},"end":{"line":10,"column":24}}},"fnMap":{},"branchMap":{},"s":{"0":4,"1":4,"2":4,"3":4,"4":4,"5":4,"6":4},"f":{},"b":{},"_coverageSchema":"1a1c01bbd47fc00a2c39e90264f33305004495a9","hash":"88828cc78d3551953df7e4f1440940733cfb8695"}
,"/home/ayush/Desktop/Coursera/Backend/routes/teacher.js": {"path":"/home/ayush/Desktop/Coursera/Backend/routes/teacher.js","statementMap":{"0":{"start":{"line":1,"column":16},"end":{"line":1,"column":34}},"1":{"start":{"line":2,"column":14},"end":{"line":2,"column":30}},"2":{"start":{"line":3,"column":15},"end":{"line":3,"column":32}},"3":{"start":{"line":4,"column":25},"end":{"line":4,"column":58}},"4":{"start":{"line":5,"column":13},"end":{"line":5,"column":49}},"5":{"start":{"line":8,"column":25},"end":{"line":15,"column":4}},"6":{"start":{"line":10,"column":6},"end":{"line":10,"column":24}},"7":{"start":{"line":13,"column":6},"end":{"line":13,"column":67}},"8":{"start":{"line":17,"column":24},"end":{"line":23,"column":3}},"9":{"start":{"line":18,"column":4},"end":{"line":22,"column":41}},"10":{"start":{"line":19,"column":6},"end":{"line":19,"column":20}},"11":{"start":{"line":21,"column":10},"end":{"line":21,"column":25}},"12":{"start":{"line":22,"column":10},"end":{"line":22,"column":40}},"13":{"start":{"line":27,"column":27},"end":{"line":35,"column":4}},"14":{"start":{"line":29,"column":6},"end":{"line":29,"column":24}},"15":{"start":{"line":32,"column":25},"end":{"line":32,"column":35}},"16":{"start":{"line":33,"column":6},"end":{"line":33,"column":67}},"17":{"start":{"line":37,"column":24},"end":{"line":43,"column":3}},"18":{"start":{"line":38,"column":4},"end":{"line":42,"column":41}},"19":{"start":{"line":39,"column":6},"end":{"line":39,"column":20}},"20":{"start":{"line":41,"column":10},"end":{"line":41,"column":25}},"21":{"start":{"line":42,"column":10},"end":{"line":42,"column":40}},"22":{"start":{"line":46,"column":18},"end":{"line":46,"column":95}},"23":{"start":{"line":47,"column":18},"end":{"line":47,"column":85}},"24":{"start":{"line":49,"column":0},"end":{"line":49,"column":81}},"25":{"start":{"line":50,"column":0},"end":{"line":50,"column":88}},"26":{"start":{"line":51,"column":0},"end":{"line":51,"column":83}},"27":{"start":{"line":52,"column":0},"end":{"line":52,"column":81}},"28":{"start":{"line":53,"column":0},"end":{"line":53,"column":77}},"29":{"start":{"line":54,"column":0},"end":{"line":54,"column":71}},"30":{"start":{"line":55,"column":0},"end":{"line":55,"column":62}},"31":{"start":{"line":57,"column":0},"end":{"line":57,"column":24}}},"fnMap":{"0":{"name":"(anonymous_0)","decl":{"start":{"line":9,"column":16},"end":{"line":9,"column":17}},"loc":{"start":{"line":9,"column":31},"end":{"line":11,"column":5}},"line":9},"1":{"name":"(anonymous_1)","decl":{"start":{"line":12,"column":14},"end":{"line":12,"column":15}},"loc":{"start":{"line":12,"column":29},"end":{"line":14,"column":5}},"line":12},"2":{"name":"(anonymous_2)","decl":{"start":{"line":17,"column":24},"end":{"line":17,"column":25}},"loc":{"start":{"line":17,"column":39},"end":{"line":23,"column":3}},"line":17},"3":{"name":"(anonymous_3)","decl":{"start":{"line":28,"column":16},"end":{"line":28,"column":17}},"loc":{"start":{"line":28,"column":31},"end":{"line":30,"column":5}},"line":28},"4":{"name":"(anonymous_4)","decl":{"start":{"line":31,"column":14},"end":{"line":31,"column":15}},"loc":{"start":{"line":31,"column":29},"end":{"line":34,"column":5}},"line":31},"5":{"name":"(anonymous_5)","decl":{"start":{"line":37,"column":24},"end":{"line":37,"column":25}},"loc":{"start":{"line":37,"column":39},"end":{"line":43,"column":3}},"line":37}},"branchMap":{"0":{"loc":{"start":{"line":18,"column":4},"end":{"line":22,"column":41}},"type":"if","locations":[{"start":{"line":18,"column":4},"end":{"line":22,"column":41}},{"start":{"line":18,"column":4},"end":{"line":22,"column":41}}],"line":18},"1":{"loc":{"start":{"line":18,"column":7},"end":{"line":18,"column":98}},"type":"binary-expr","locations":[{"start":{"line":18,"column":7},"end":{"line":18,"column":35}},{"start":{"line":18,"column":39},"end":{"line":18,"column":66}},{"start":{"line":18,"column":70},"end":{"line":18,"column":98}}],"line":18},"2":{"loc":{"start":{"line":38,"column":4},"end":{"line":42,"column":41}},"type":"if","locations":[{"start":{"line":38,"column":4},"end":{"line":42,"column":41}},{"start":{"line":38,"column":4},"end":{"line":42,"column":41}}],"line":38}},"s":{"0":4,"1":4,"2":4,"3":4,"4":4,"5":4,"6":0,"7":0,"8":4,"9":0,"10":0,"11":0,"12":0,"13":4,"14":0,"15":0,"16":0,"17":4,"18":0,"19":0,"20":0,"21":0,"22":4,"23":4,"24":4,"25":4,"26":4,"27":4,"28":4,"29":4,"30":4,"31":4},"f":{"0":0,"1":0,"2":0,"3":0,"4":0,"5":0},"b":{"0":[0,0],"1":[0,0,0],"2":[0,0]},"_coverageSchema":"1a1c01bbd47fc00a2c39e90264f33305004495a9","hash":"4fca36ae01c0be907ff480cf879bc43772c14652"}
,"/home/ayush/Desktop/Coursera/Backend/tests/db.js": {"path":"/home/ayush/Desktop/Coursera/Backend/tests/db.js","statementMap":{"0":{"start":{"line":2,"column":17},"end":{"line":2,"column":36}},"1":{"start":{"line":3,"column":30},"end":{"line":3,"column":62}},"2":{"start":{"line":5,"column":13},"end":{"line":5,"column":22}},"3":{"start":{"line":15,"column":0},"end":{"line":33,"column":2}},"4":{"start":{"line":16,"column":4},"end":{"line":16,"column":32}},"5":{"start":{"line":18,"column":4},"end":{"line":18,"column":46}},"6":{"start":{"line":19,"column":16},"end":{"line":19,"column":31}},"7":{"start":{"line":21,"column":25},"end":{"line":29,"column":5}},"8":{"start":{"line":31,"column":4},"end":{"line":31,"column":46}},"9":{"start":{"line":32,"column":4},"end":{"line":32,"column":36}},"10":{"start":{"line":38,"column":0},"end":{"line":45,"column":2}},"11":{"start":{"line":39,"column":4},"end":{"line":44,"column":5}},"12":{"start":{"line":41,"column":8},"end":{"line":41,"column":42}},"13":{"start":{"line":42,"column":8},"end":{"line":42,"column":28}},"14":{"start":{"line":43,"column":8},"end":{"line":43,"column":38}},"15":{"start":{"line":49,"column":0},"end":{"line":58,"column":2}},"16":{"start":{"line":50,"column":4},"end":{"line":57,"column":5}},"17":{"start":{"line":51,"column":28},"end":{"line":51,"column":59}},"18":{"start":{"line":53,"column":8},"end":{"line":56,"column":9}},"19":{"start":{"line":54,"column":31},"end":{"line":54,"column":47}},"20":{"start":{"line":55,"column":12},"end":{"line":55,"column":42}}},"fnMap":{"0":{"name":"(anonymous_0)","decl":{"start":{"line":15,"column":25},"end":{"line":15,"column":26}},"loc":{"start":{"line":15,"column":37},"end":{"line":33,"column":1}},"line":15},"1":{"name":"(anonymous_1)","decl":{"start":{"line":38,"column":31},"end":{"line":38,"column":32}},"loc":{"start":{"line":38,"column":43},"end":{"line":45,"column":1}},"line":38},"2":{"name":"(anonymous_2)","decl":{"start":{"line":49,"column":31},"end":{"line":49,"column":32}},"loc":{"start":{"line":49,"column":43},"end":{"line":58,"column":1}},"line":49}},"branchMap":{"0":{"loc":{"start":{"line":39,"column":4},"end":{"line":44,"column":5}},"type":"if","locations":[{"start":{"line":39,"column":4},"end":{"line":44,"column":5}},{"start":{"line":39,"column":4},"end":{"line":44,"column":5}}],"line":39},"1":{"loc":{"start":{"line":50,"column":4},"end":{"line":57,"column":5}},"type":"if","locations":[{"start":{"line":50,"column":4},"end":{"line":57,"column":5}},{"start":{"line":50,"column":4},"end":{"line":57,"column":5}}],"line":50}},"s":{"0":4,"1":4,"2":4,"3":4,"4":4,"5":4,"6":4,"7":4,"8":4,"9":4,"10":4,"11":4,"12":4,"13":4,"14":4,"15":4,"16":11,"17":11,"18":11,"19":33,"20":33},"f":{"0":4,"1":4,"2":11},"b":{"0":[4,0],"1":[11,0]},"_coverageSchema":"1a1c01bbd47fc00a2c39e90264f33305004495a9","hash":"3c115cf9dfb33a3d9c2d2f074636985c58fa06f2"}
}
