TN:
SF:app.js
FN:34,(anonymous_0)
FN:37,(anonymous_1)
FN:44,(anonymous_2)
FN:52,(anonymous_3)
FN:88,(anonymous_4)
FN:100,(anonymous_5)
FN:105,(anonymous_6)
FN:114,(anonymous_7)
FN:122,(anonymous_8)
FN:133,(anonymous_9)
FN:146,(anonymous_10)
FN:163,(anonymous_11)
FN:167,(anonymous_12)
FNF:13
FNH:1
FNDA:0,(anonymous_0)
FNDA:0,(anonymous_1)
FNDA:0,(anonymous_2)
FNDA:0,(anonymous_3)
FNDA:0,(anonymous_4)
FNDA:0,(anonymous_5)
FNDA:0,(anonymous_6)
FNDA:0,(anonymous_7)
FNDA:0,(anonymous_8)
FNDA:0,(anonymous_9)
FNDA:16,(anonymous_10)
FNDA:0,(anonymous_11)
FNDA:0,(anonymous_12)
DA:1,4
DA:2,4
DA:3,4
DA:5,4
DA:6,4
DA:8,4
DA:9,4
DA:11,4
DA:13,4
DA:15,4
DA:16,4
DA:17,4
DA:18,4
DA:19,4
DA:23,4
DA:24,4
DA:25,4
DA:26,4
DA:28,4
DA:34,4
DA:37,0
DA:38,0
DA:39,0
DA:40,0
DA:43,0
DA:44,0
DA:45,0
DA:46,0
DA:49,0
DA:50,0
DA:52,0
DA:53,0
DA:54,0
DA:56,0
DA:57,0
DA:58,0
DA:59,0
DA:63,0
DA:65,0
DA:66,0
DA:67,0
DA:68,0
DA:69,0
DA:73,0
DA:74,0
DA:75,0
DA:82,0
DA:83,0
DA:88,0
DA:89,0
DA:90,0
DA:92,0
DA:97,0
DA:100,0
DA:102,0
DA:104,0
DA:105,0
DA:106,0
DA:107,0
DA:109,0
DA:114,0
DA:115,0
DA:116,0
DA:118,0
DA:122,0
DA:123,0
DA:124,0
DA:125,0
DA:128,0
DA:129,0
DA:130,0
DA:133,0
DA:134,0
DA:140,4
DA:141,4
DA:142,4
DA:143,4
DA:144,4
DA:146,4
DA:147,16
DA:148,16
DA:149,16
DA:150,16
DA:154,4
DA:155,4
DA:156,4
DA:157,4
DA:158,4
DA:160,4
DA:161,0
DA:164,0
DA:165,0
DA:168,0
DA:172,4
LF:94
LH:37
BRDA:43,0,0,0
BRDA:43,0,1,0
BRDA:45,1,0,0
BRDA:45,1,1,0
BRDA:56,2,0,0
BRDA:56,2,1,0
BRDA:65,3,0,0
BRDA:65,3,1,0
BRDA:79,4,0,0
BRDA:79,4,1,0
BRDA:89,5,0,0
BRDA:89,5,1,0
BRDA:104,6,0,0
BRDA:104,6,1,0
BRDA:106,7,0,0
BRDA:106,7,1,0
BRDA:115,8,0,0
BRDA:115,8,1,0
BRDA:124,9,0,0
BRDA:124,9,1,0
BRDA:160,10,0,0
BRDA:160,10,1,4
BRF:22
BRH:1
end_of_record
TN:
SF:Authentication/is-auth.js
FN:4,(anonymous_0)
FN:45,(anonymous_1)
FN:56,(anonymous_2)
FNF:3
FNH:1
FNDA:8,(anonymous_0)
FNDA:0,(anonymous_1)
FNDA:0,(anonymous_2)
DA:1,4
DA:2,4
DA:4,4
DA:6,8
DA:9,8
DA:10,0
DA:11,0
DA:12,0
DA:16,8
DA:19,8
DA:20,8
DA:23,0
DA:24,0
DA:25,0
DA:28,8
DA:29,0
DA:30,0
DA:31,0
DA:32,0
DA:35,8
DA:36,8
DA:45,4
DA:47,0
DA:49,0
DA:50,0
DA:51,0
DA:52,0
DA:53,0
DA:56,0
DA:57,0
DA:58,0
DA:59,0
DA:60,0
DA:61,0
DA:64,0
DA:69,0
DA:73,0
LF:37
LH:12
BRDA:9,0,0,0
BRDA:9,0,1,8
BRDA:28,1,0,0
BRDA:28,1,1,8
BRDA:49,2,0,0
BRDA:49,2,1,0
BRDA:57,3,0,0
BRDA:57,3,1,0
BRF:8
BRH:2
end_of_record
TN:
SF:config/config.js
FNF:0
FNH:0
DA:2,4
DA:5,4
DA:9,4
DA:10,4
DA:12,4
DA:13,4
DA:17,4
DA:18,4
DA:19,4
DA:22,4
DA:25,4
LF:11
LH:11
BRF:0
BRH:0
end_of_record
TN:
SF:controllers/auth.js
FN:17,(anonymous_0)
FN:38,(anonymous_1)
FN:72,(anonymous_2)
FN:80,(anonymous_3)
FN:111,(anonymous_4)
FN:122,(anonymous_5)
FN:138,(anonymous_6)
FN:148,(anonymous_7)
FN:154,(anonymous_8)
FN:174,(anonymous_9)
FN:185,(anonymous_10)
FN:186,(anonymous_11)
FN:197,(anonymous_12)
FN:213,(anonymous_13)
FN:221,(anonymous_14)
FN:230,(anonymous_15)
FN:249,(anonymous_16)
FN:274,(anonymous_17)
FN:294,(anonymous_18)
FN:295,(anonymous_19)
FN:306,(anonymous_20)
FN:313,(anonymous_21)
FN:333,(anonymous_22)
FN:344,(anonymous_23)
FN:353,(anonymous_24)
FN:359,(anonymous_25)
FN:373,(anonymous_26)
FN:381,(anonymous_27)
FN:392,(anonymous_28)
FN:399,(anonymous_29)
FN:417,(anonymous_30)
FN:422,(anonymous_31)
FN:434,(anonymous_32)
FNF:33
FNH:4
FNDA:1,(anonymous_0)
FNDA:0,(anonymous_1)
FNDA:0,(anonymous_2)
FNDA:0,(anonymous_3)
FNDA:0,(anonymous_4)
FNDA:0,(anonymous_5)
FNDA:0,(anonymous_6)
FNDA:0,(anonymous_7)
FNDA:0,(anonymous_8)
FNDA:0,(anonymous_9)
FNDA:0,(anonymous_10)
FNDA:0,(anonymous_11)
FNDA:2,(anonymous_12)
FNDA:1,(anonymous_13)
FNDA:0,(anonymous_14)
FNDA:0,(anonymous_15)
FNDA:0,(anonymous_16)
FNDA:1,(anonymous_17)
FNDA:0,(anonymous_18)
FNDA:0,(anonymous_19)
FNDA:0,(anonymous_20)
FNDA:0,(anonymous_21)
FNDA:0,(anonymous_22)
FNDA:0,(anonymous_23)
FNDA:0,(anonymous_24)
FNDA:0,(anonymous_25)
FNDA:0,(anonymous_26)
FNDA:0,(anonymous_27)
FNDA:0,(anonymous_28)
FNDA:0,(anonymous_29)
FNDA:0,(anonymous_30)
FNDA:0,(anonymous_31)
FNDA:0,(anonymous_32)
DA:1,4
DA:2,4
DA:3,4
DA:4,4
DA:5,4
DA:6,4
DA:7,4
DA:8,4
DA:10,4
DA:17,4
DA:18,1
DA:19,1
DA:21,1
DA:23,1
DA:25,1
DA:27,1
DA:28,1
DA:29,0
DA:30,0
DA:31,0
DA:32,0
DA:33,0
DA:34,0
DA:37,1
DA:39,0
DA:46,0
DA:47,0
DA:50,0
DA:52,0
DA:57,0
DA:58,0
DA:59,0
DA:61,1
DA:68,1
DA:72,4
DA:73,0
DA:74,0
DA:77,0
DA:79,0
DA:81,0
DA:82,0
DA:83,0
DA:84,0
DA:90,0
DA:92,0
DA:96,0
DA:97,0
DA:98,0
DA:99,0
DA:100,0
DA:106,0
DA:110,0
DA:112,0
DA:114,0
DA:118,0
DA:122,0
DA:123,0
DA:139,0
DA:140,0
DA:142,0
DA:148,4
DA:149,0
DA:150,0
DA:151,0
DA:153,0
DA:155,0
DA:156,0
DA:157,0
DA:158,0
DA:164,0
DA:165,0
DA:167,0
DA:169,0
DA:170,0
DA:171,0
DA:172,0
DA:175,0
DA:182,0
DA:186,0
DA:187,0
DA:188,0
DA:190,0
DA:197,4
DA:198,2
DA:199,2
DA:201,2
DA:203,2
DA:204,1
DA:205,1
DA:206,1
DA:207,1
DA:208,1
DA:209,1
DA:212,1
DA:215,1
DA:216,0
DA:218,0
DA:219,0
DA:220,0
DA:223,0
DA:224,0
DA:229,0
DA:231,0
DA:239,0
DA:240,0
DA:247,0
DA:248,0
DA:250,0
DA:258,0
DA:259,0
DA:272,1
DA:276,1
DA:277,0
DA:281,0
DA:285,0
DA:289,1
DA:295,0
DA:296,0
DA:297,0
DA:299,0
DA:306,4
DA:308,0
DA:309,0
DA:310,0
DA:312,0
DA:314,0
DA:315,0
DA:316,0
DA:317,0
DA:318,0
DA:321,0
DA:322,0
DA:325,0
DA:329,0
DA:334,0
DA:340,0
DA:341,0
DA:345,0
DA:346,0
DA:348,0
DA:353,4
DA:354,0
DA:355,0
DA:356,0
DA:358,0
DA:360,0
DA:361,0
DA:362,0
DA:363,0
DA:364,0
DA:367,0
DA:368,0
DA:371,0
DA:372,0
DA:374,0
DA:375,0
DA:377,0
DA:379,0
DA:382,0
DA:383,0
DA:385,0
DA:392,4
DA:393,0
DA:394,0
DA:395,0
DA:398,0
DA:401,0
DA:402,0
DA:403,0
DA:404,0
DA:405,0
DA:408,0
DA:411,0
DA:413,0
DA:414,0
DA:415,0
DA:416,0
DA:418,0
DA:419,0
DA:423,0
DA:424,0
DA:429,0
DA:430,0
DA:435,0
DA:436,0
DA:438,0
LF:186
LH:41
BRDA:28,0,0,0
BRDA:28,0,1,1
BRDA:81,1,0,0
BRDA:81,1,1,0
BRDA:96,2,0,0
BRDA:96,2,1,0
BRDA:139,3,0,0
BRDA:139,3,1,0
BRDA:155,4,0,0
BRDA:155,4,1,0
BRDA:187,5,0,0
BRDA:187,5,1,0
BRDA:203,6,0,1
BRDA:203,6,1,1
BRDA:215,7,0,0
BRDA:215,7,1,1
BRDA:223,8,0,0
BRDA:223,8,1,0
BRDA:276,9,0,0
BRDA:276,9,1,1
BRDA:296,10,0,0
BRDA:296,10,1,0
BRDA:314,11,0,0
BRDA:314,11,1,0
BRDA:345,12,0,0
BRDA:345,12,1,0
BRDA:360,13,0,0
BRDA:360,13,1,0
BRDA:371,14,0,0
BRDA:371,14,1,0
BRDA:382,15,0,0
BRDA:382,15,1,0
BRDA:401,16,0,0
BRDA:401,16,1,0
BRDA:413,17,0,0
BRDA:413,17,1,0
BRDA:435,18,0,0
BRDA:435,18,1,0
BRF:38
BRH:5
end_of_record
TN:
SF:controllers/coursepage.js
FN:7,(anonymous_0)
FN:11,(anonymous_1)
FN:14,(anonymous_2)
FN:22,(anonymous_3)
FN:29,(anonymous_4)
FN:39,(anonymous_5)
FN:41,(anonymous_6)
FN:52,(anonymous_7)
FN:61,(anonymous_8)
FN:68,(anonymous_9)
FN:75,(anonymous_10)
FN:79,(anonymous_11)
FN:85,(anonymous_12)
FN:90,(anonymous_13)
FN:95,(anonymous_14)
FN:100,(anonymous_15)
FN:103,(anonymous_16)
FN:109,(anonymous_17)
FN:114,(anonymous_18)
FN:125,(anonymous_19)
FN:135,(anonymous_20)
FN:139,(anonymous_21)
FN:183,(anonymous_22)
FNF:23
FNH:14
FNDA:2,(anonymous_0)
FNDA:2,(anonymous_1)
FNDA:0,(anonymous_2)
FNDA:2,(anonymous_3)
FNDA:2,(anonymous_4)
FNDA:2,(anonymous_5)
FNDA:2,(anonymous_6)
FNDA:1,(anonymous_7)
FNDA:0,(anonymous_8)
FNDA:1,(anonymous_9)
FNDA:1,(anonymous_10)
FNDA:0,(anonymous_11)
FNDA:1,(anonymous_12)
FNDA:1,(anonymous_13)
FNDA:0,(anonymous_14)
FNDA:1,(anonymous_15)
FNDA:0,(anonymous_16)
FNDA:1,(anonymous_17)
FNDA:1,(anonymous_18)
FNDA:0,(anonymous_19)
FNDA:0,(anonymous_20)
FNDA:0,(anonymous_21)
FNDA:0,(anonymous_22)
DA:1,4
DA:2,4
DA:3,4
DA:4,4
DA:5,4
DA:7,4
DA:9,2
DA:10,2
DA:12,2
DA:15,0
DA:16,0
DA:22,4
DA:24,2
DA:26,2
DA:28,2
DA:30,2
DA:31,2
DA:32,2
DA:35,0
DA:36,0
DA:38,2
DA:40,2
DA:42,2
DA:43,1
DA:44,1
DA:47,0
DA:49,1
DA:50,1
DA:53,1
DA:58,2
DA:59,2
DA:63,0
DA:68,4
DA:69,1
DA:70,1
DA:72,1
DA:76,1
DA:77,1
DA:80,0
DA:81,0
DA:85,4
DA:86,1
DA:87,1
DA:89,1
DA:91,1
DA:92,1
DA:93,1
DA:96,0
DA:99,1
DA:101,1
DA:104,0
DA:105,0
DA:109,4
DA:110,1
DA:111,1
DA:113,1
DA:115,1
DA:116,1
DA:117,1
DA:118,1
DA:119,1
DA:121,1
DA:122,1
DA:123,1
DA:126,0
DA:127,0
DA:135,4
DA:136,0
DA:138,0
DA:140,0
DA:141,0
DA:144,0
DA:145,0
DA:146,0
DA:148,0
DA:149,0
DA:153,0
DA:155,0
DA:156,0
DA:157,0
DA:158,0
DA:159,0
DA:160,0
DA:161,0
DA:162,0
DA:163,0
DA:164,0
DA:165,0
DA:166,0
DA:167,0
DA:168,0
DA:169,0
DA:170,0
DA:171,0
DA:172,0
DA:173,0
DA:174,0
DA:175,0
DA:176,0
DA:177,0
DA:178,0
DA:179,0
DA:180,0
DA:181,0
DA:184,0
LF:105
LH:54
BRDA:30,0,0,2
BRDA:30,0,1,0
BRDA:42,1,0,1
BRDA:42,1,1,0
BRDA:140,2,0,0
BRDA:140,2,1,0
BRF:6
BRH:2
end_of_record
TN:
SF:controllers/googleAuth.js
FN:11,(anonymous_0)
FN:17,(anonymous_1)
FN:28,(anonymous_2)
FN:33,(anonymous_3)
FN:42,(anonymous_4)
FN:46,(anonymous_5)
FN:56,(anonymous_6)
FN:61,(anonymous_7)
FN:69,(anonymous_8)
FN:75,(anonymous_9)
FN:86,(anonymous_10)
FN:105,(anonymous_11)
FN:110,(anonymous_12)
FNF:13
FNH:0
FNDA:0,(anonymous_0)
FNDA:0,(anonymous_1)
FNDA:0,(anonymous_2)
FNDA:0,(anonymous_3)
FNDA:0,(anonymous_4)
FNDA:0,(anonymous_5)
FNDA:0,(anonymous_6)
FNDA:0,(anonymous_7)
FNDA:0,(anonymous_8)
FNDA:0,(anonymous_9)
FNDA:0,(anonymous_10)
FNDA:0,(anonymous_11)
FNDA:0,(anonymous_12)
DA:1,4
DA:2,4
DA:3,4
DA:4,4
DA:5,4
DA:8,4
DA:11,4
DA:13,0
DA:16,0
DA:18,0
DA:19,0
DA:20,0
DA:21,0
DA:22,0
DA:23,0
DA:24,0
DA:26,0
DA:27,0
DA:30,0
DA:32,0
DA:34,0
DA:41,0
DA:44,0
DA:47,0
DA:53,0
DA:57,0
DA:62,0
DA:69,4
DA:71,0
DA:74,0
DA:76,0
DA:77,0
DA:78,0
DA:79,0
DA:80,0
DA:81,0
DA:82,0
DA:84,0
DA:85,0
DA:88,0
DA:90,0
DA:94,0
DA:98,0
DA:102,0
DA:106,0
DA:111,0
LF:46
LH:8
BRDA:20,0,0,0
BRDA:20,0,1,0
BRDA:26,1,0,0
BRDA:26,1,1,0
BRDA:30,2,0,0
BRDA:30,2,1,0
BRDA:78,3,0,0
BRDA:78,3,1,0
BRDA:84,4,0,0
BRDA:84,4,1,0
BRDA:88,5,0,0
BRDA:88,5,1,0
BRF:12
BRH:0
end_of_record
TN:
SF:controllers/homepage.js
FN:4,(anonymous_0)
FN:6,(anonymous_1)
FN:10,(anonymous_2)
FN:17,(anonymous_3)
FN:22,(anonymous_4)
FN:26,(anonymous_5)
FN:33,(anonymous_6)
FN:37,(anonymous_7)
FN:44,(anonymous_8)
FN:53,(anonymous_9)
FN:58,(anonymous_10)
FN:61,(anonymous_11)
FN:70,(anonymous_12)
FN:77,(anonymous_13)
FN:87,(anonymous_14)
FN:92,(anonymous_15)
FN:98,(anonymous_16)
FNF:17
FNH:5
FNDA:1,(anonymous_0)
FNDA:1,(anonymous_1)
FNDA:0,(anonymous_2)
FNDA:4,(anonymous_3)
FNDA:1,(anonymous_4)
FNDA:0,(anonymous_5)
FNDA:3,(anonymous_6)
FNDA:0,(anonymous_7)
FNDA:0,(anonymous_8)
FNDA:0,(anonymous_9)
FNDA:0,(anonymous_10)
FNDA:0,(anonymous_11)
FNDA:0,(anonymous_12)
FNDA:0,(anonymous_13)
FNDA:0,(anonymous_14)
FNDA:0,(anonymous_15)
FNDA:0,(anonymous_16)
DA:1,4
DA:2,4
DA:4,4
DA:5,1
DA:8,1
DA:11,0
DA:17,4
DA:18,4
DA:20,4
DA:21,1
DA:24,1
DA:27,0
DA:28,0
DA:32,3
DA:35,3
DA:38,0
DA:44,4
DA:45,0
DA:47,0
DA:48,0
DA:49,0
DA:50,0
DA:52,0
DA:58,0
DA:60,0
DA:62,0
DA:63,0
DA:65,0
DA:66,0
DA:71,0
DA:78,0
DA:87,4
DA:88,0
DA:89,0
DA:91,0
DA:93,0
DA:94,0
DA:96,0
DA:99,0
DA:100,0
LF:40
LH:14
BRDA:20,0,0,1
BRDA:20,0,1,3
BRDA:20,1,0,4
BRDA:20,1,1,3
BRDA:47,2,0,0
BRDA:47,2,1,0
BRDA:65,3,0,0
BRDA:65,3,1,0
BRF:8
BRH:4
end_of_record
TN:
SF:controllers/stripe.js
FN:5,(anonymous_0)
FN:8,(anonymous_1)
FN:11,(anonymous_2)
FN:17,(anonymous_3)
FN:28,(anonymous_4)
FN:34,(anonymous_5)
FNF:6
FNH:2
FNDA:1,(anonymous_0)
FNDA:1,(anonymous_1)
FNDA:0,(anonymous_2)
FNDA:0,(anonymous_3)
FNDA:0,(anonymous_4)
FNDA:0,(anonymous_5)
DA:1,4
DA:2,4
DA:3,4
DA:5,4
DA:6,1
DA:7,1
DA:9,1
DA:12,0
DA:17,4
DA:19,0
DA:20,0
DA:22,0
DA:29,0
DA:30,0
DA:35,0
DA:36,0
LF:16
LH:8
BRF:0
BRH:0
end_of_record
TN:
SF:controllers/teacher.js
FN:3,(anonymous_0)
FN:27,(anonymous_1)
FN:31,(anonymous_2)
FN:37,(anonymous_3)
FN:46,(anonymous_4)
FN:48,(anonymous_5)
FN:59,(anonymous_6)
FN:63,(anonymous_7)
FN:68,(anonymous_8)
FN:74,(anonymous_9)
FN:75,(anonymous_10)
FN:91,(anonymous_11)
FN:96,(anonymous_12)
FN:99,(anonymous_13)
FN:102,(anonymous_14)
FN:107,(anonymous_15)
FN:111,(anonymous_16)
FN:114,(anonymous_17)
FN:120,(anonymous_18)
FN:124,(anonymous_19)
FN:127,(anonymous_20)
FN:132,(anonymous_21)
FN:146,(anonymous_22)
FN:161,(anonymous_23)
FNF:24
FNH:0
FNDA:0,(anonymous_0)
FNDA:0,(anonymous_1)
FNDA:0,(anonymous_2)
FNDA:0,(anonymous_3)
FNDA:0,(anonymous_4)
FNDA:0,(anonymous_5)
FNDA:0,(anonymous_6)
FNDA:0,(anonymous_7)
FNDA:0,(anonymous_8)
FNDA:0,(anonymous_9)
FNDA:0,(anonymous_10)
FNDA:0,(anonymous_11)
FNDA:0,(anonymous_12)
FNDA:0,(anonymous_13)
FNDA:0,(anonymous_14)
FNDA:0,(anonymous_15)
FNDA:0,(anonymous_16)
FNDA:0,(anonymous_17)
FNDA:0,(anonymous_18)
FNDA:0,(anonymous_19)
FNDA:0,(anonymous_20)
FNDA:0,(anonymous_21)
FNDA:0,(anonymous_22)
FNDA:0,(anonymous_23)
DA:1,4
DA:3,4
DA:6,0
DA:7,0
DA:8,0
DA:10,0
DA:12,0
DA:26,0
DA:28,0
DA:29,0
DA:32,0
DA:37,4
DA:38,0
DA:39,0
DA:40,0
DA:43,0
DA:45,0
DA:48,0
DA:49,0
DA:53,0
DA:54,0
DA:56,0
DA:57,0
DA:58,0
DA:60,0
DA:64,0
DA:68,4
DA:69,0
DA:70,0
DA:71,0
DA:72,0
DA:73,0
DA:75,0
DA:76,0
DA:77,0
DA:78,0
DA:79,0
DA:81,0
DA:82,0
DA:84,0
DA:85,0
DA:87,0
DA:88,0
DA:89,0
DA:92,0
DA:96,4
DA:97,0
DA:98,0
DA:100,0
DA:103,0
DA:107,4
DA:108,0
DA:110,0
DA:112,0
DA:115,0
DA:120,4
DA:121,0
DA:123,0
DA:125,0
DA:128,0
DA:132,4
DA:133,0
DA:134,0
DA:135,0
DA:136,0
DA:137,0
DA:138,0
DA:139,0
DA:140,0
DA:141,0
DA:142,0
DA:145,0
DA:147,0
DA:148,0
DA:149,0
DA:150,0
DA:151,0
DA:152,0
DA:153,0
DA:154,0
DA:155,0
DA:157,0
DA:158,0
DA:162,0
LF:84
LH:8
BRDA:77,0,0,0
BRDA:77,0,1,0
BRDA:78,1,0,0
BRDA:78,1,1,0
BRF:4
BRH:0
end_of_record
TN:
SF:model/courses.js
FNF:0
FNH:0
DA:1,4
DA:2,4
DA:4,4
DA:87,4
LF:4
LH:4
BRF:0
BRH:0
end_of_record
TN:
SF:model/otp.js
FNF:0
FNH:0
DA:1,4
DA:2,4
DA:4,4
DA:21,4
LF:4
LH:4
BRF:0
BRH:0
end_of_record
TN:
SF:model/user.js
FNF:0
FNH:0
DA:1,4
DA:2,4
DA:4,4
DA:52,4
LF:4
LH:4
BRF:0
BRH:0
end_of_record
TN:
SF:routes/auth.js
FN:14,(anonymous_0)
FN:16,(anonymous_1)
FN:39,(anonymous_2)
FN:41,(anonymous_3)
FNF:4
FNH:4
FNDA:1,(anonymous_0)
FNDA:1,(anonymous_1)
FNDA:2,(anonymous_2)
FNDA:2,(anonymous_3)
DA:1,4
DA:2,4
DA:3,4
DA:4,4
DA:5,4
DA:6,4
DA:7,4
DA:9,4
DA:15,1
DA:17,1
DA:18,0
DA:34,4
DA:40,2
DA:42,2
DA:43,1
DA:49,4
DA:50,4
DA:51,4
DA:52,4
DA:53,4
DA:57,4
DA:58,4
DA:61,4
DA:64,4
LF:24
LH:23
BRDA:17,0,0,0
BRDA:17,0,1,1
BRDA:42,1,0,1
BRDA:42,1,1,1
BRF:4
BRH:3
end_of_record
TN:
SF:routes/coursepage.js
FNF:0
FNH:0
DA:1,4
DA:2,4
DA:4,4
DA:5,4
DA:8,4
DA:9,4
DA:10,4
DA:11,4
DA:12,4
DA:13,4
DA:15,4
LF:11
LH:11
BRF:0
BRH:0
end_of_record
TN:
SF:routes/homepage.js
FNF:0
FNH:0
DA:1,4
DA:2,4
DA:5,4
DA:6,4
DA:8,4
DA:9,4
DA:10,4
DA:11,4
DA:15,4
LF:9
LH:9
BRF:0
BRH:0
end_of_record
TN:
SF:routes/stripe.js
FNF:0
FNH:0
DA:1,4
DA:2,4
DA:3,4
DA:4,4
DA:7,4
DA:8,4
DA:10,4
LF:7
LH:7
BRF:0
BRH:0
end_of_record
TN:
SF:routes/teacher.js
FN:9,(anonymous_0)
FN:12,(anonymous_1)
FN:17,(anonymous_2)
FN:28,(anonymous_3)
FN:31,(anonymous_4)
FN:37,(anonymous_5)
FNF:6
FNH:0
FNDA:0,(anonymous_0)
FNDA:0,(anonymous_1)
FNDA:0,(anonymous_2)
FNDA:0,(anonymous_3)
FNDA:0,(anonymous_4)
FNDA:0,(anonymous_5)
DA:1,4
DA:2,4
DA:3,4
DA:4,4
DA:5,4
DA:8,4
DA:10,0
DA:13,0
DA:17,4
DA:18,0
DA:19,0
DA:21,0
DA:22,0
DA:27,4
DA:29,0
DA:32,0
DA:33,0
DA:37,4
DA:38,0
DA:39,0
DA:41,0
DA:42,0
DA:46,4
DA:47,4
DA:49,4
DA:50,4
DA:51,4
DA:52,4
DA:53,4
DA:54,4
DA:55,4
DA:57,4
LF:32
LH:19
BRDA:18,0,0,0
BRDA:18,0,1,0
BRDA:18,1,0,0
BRDA:18,1,1,0
BRDA:18,1,2,0
BRDA:38,2,0,0
BRDA:38,2,1,0
BRF:7
BRH:0
end_of_record
TN:
SF:tests/db.js
FN:15,(anonymous_0)
FN:38,(anonymous_1)
FN:49,(anonymous_2)
FNF:3
FNH:3
FNDA:4,(anonymous_0)
FNDA:4,(anonymous_1)
FNDA:11,(anonymous_2)
DA:2,4
DA:3,4
DA:5,4
DA:15,4
DA:16,4
DA:18,4
DA:19,4
DA:21,4
DA:31,4
DA:32,4
DA:38,4
DA:39,4
DA:41,4
DA:42,4
DA:43,4
DA:49,4
DA:50,11
DA:51,11
DA:53,11
DA:54,33
DA:55,33
LF:21
LH:21
BRDA:39,0,0,4
BRDA:39,0,1,0
BRDA:50,1,0,11
BRDA:50,1,1,0
BRF:4
BRH:2
end_of_record
