TN:
SF:app.js
FN:34,(anonymous_0)
FN:37,(anonymous_1)
FN:44,(anonymous_2)
FN:52,(anonymous_3)
FN:88,(anonymous_4)
FN:100,(anonymous_5)
FN:105,(anonymous_6)
FN:114,(anonymous_7)
FN:122,(anonymous_8)
FN:133,(anonymous_9)
FN:146,(anonymous_10)
FN:163,(anonymous_11)
FN:167,(anonymous_12)
FNF:13
FNH:1
FNDA:0,(anonymous_0)
FNDA:0,(anonymous_1)
FNDA:0,(anonymous_2)
FNDA:0,(anonymous_3)
FNDA:0,(anonymous_4)
FNDA:0,(anonymous_5)
FNDA:0,(anonymous_6)
FNDA:0,(anonymous_7)
FNDA:0,(anonymous_8)
FNDA:0,(anonymous_9)
FNDA:4,(anonymous_10)
FNDA:0,(anonymous_11)
FNDA:0,(anonymous_12)
DA:1,1
DA:2,1
DA:3,1
DA:5,1
DA:6,1
DA:8,1
DA:9,1
DA:11,1
DA:13,1
DA:15,1
DA:16,1
DA:17,1
DA:18,1
DA:19,1
DA:23,1
DA:24,1
DA:25,1
DA:26,1
DA:28,1
DA:34,1
DA:37,0
DA:38,0
DA:39,0
DA:40,0
DA:43,0
DA:44,0
DA:45,0
DA:46,0
DA:49,0
DA:50,0
DA:52,0
DA:53,0
DA:54,0
DA:56,0
DA:57,0
DA:58,0
DA:59,0
DA:63,0
DA:65,0
DA:66,0
DA:67,0
DA:68,0
DA:69,0
DA:73,0
DA:74,0
DA:75,0
DA:82,0
DA:83,0
DA:88,0
DA:89,0
DA:90,0
DA:92,0
DA:97,0
DA:100,0
DA:102,0
DA:104,0
DA:105,0
DA:106,0
DA:107,0
DA:109,0
DA:114,0
DA:115,0
DA:116,0
DA:118,0
DA:122,0
DA:123,0
DA:124,0
DA:125,0
DA:128,0
DA:129,0
DA:130,0
DA:133,0
DA:134,0
DA:140,1
DA:141,1
DA:142,1
DA:143,1
DA:144,1
DA:146,1
DA:147,4
DA:148,4
DA:149,4
DA:150,4
DA:154,1
DA:155,1
DA:156,1
DA:157,1
DA:158,1
DA:160,1
DA:161,0
DA:164,0
DA:165,0
DA:168,0
DA:172,1
LF:94
LH:37
BRDA:43,0,0,0
BRDA:43,0,1,0
BRDA:45,1,0,0
BRDA:45,1,1,0
BRDA:56,2,0,0
BRDA:56,2,1,0
BRDA:65,3,0,0
BRDA:65,3,1,0
BRDA:79,4,0,0
BRDA:79,4,1,0
BRDA:89,5,0,0
BRDA:89,5,1,0
BRDA:104,6,0,0
BRDA:104,6,1,0
BRDA:106,7,0,0
BRDA:106,7,1,0
BRDA:115,8,0,0
BRDA:115,8,1,0
BRDA:124,9,0,0
BRDA:124,9,1,0
BRDA:160,10,0,0
BRDA:160,10,1,1
BRF:22
BRH:1
end_of_record
TN:
SF:Authentication/is-auth.js
FN:4,(anonymous_0)
FN:45,(anonymous_1)
FN:56,(anonymous_2)
FNF:3
FNH:1
FNDA:4,(anonymous_0)
FNDA:0,(anonymous_1)
FNDA:0,(anonymous_2)
DA:1,1
DA:2,1
DA:4,1
DA:6,4
DA:9,4
DA:10,0
DA:11,0
DA:12,0
DA:16,4
DA:19,4
DA:20,4
DA:23,0
DA:24,0
DA:25,0
DA:28,4
DA:29,0
DA:30,0
DA:31,0
DA:32,0
DA:35,4
DA:36,4
DA:45,1
DA:47,0
DA:49,0
DA:50,0
DA:51,0
DA:52,0
DA:53,0
DA:56,0
DA:57,0
DA:58,0
DA:59,0
DA:60,0
DA:61,0
DA:64,0
DA:69,0
DA:73,0
LF:37
LH:12
BRDA:9,0,0,0
BRDA:9,0,1,4
BRDA:28,1,0,0
BRDA:28,1,1,4
BRDA:49,2,0,0
BRDA:49,2,1,0
BRDA:57,3,0,0
BRDA:57,3,1,0
BRF:8
BRH:2
end_of_record
TN:
SF:config/config.js
FNF:0
FNH:0
DA:2,1
DA:5,1
DA:9,1
DA:10,1
DA:12,1
DA:13,1
DA:17,1
DA:18,1
DA:19,1
DA:22,1
DA:25,1
LF:11
LH:11
BRF:0
BRH:0
end_of_record
TN:
SF:controllers/auth.js
FN:17,(anonymous_0)
FN:38,(anonymous_1)
FN:72,(anonymous_2)
FN:80,(anonymous_3)
FN:111,(anonymous_4)
FN:122,(anonymous_5)
FN:138,(anonymous_6)
FN:148,(anonymous_7)
FN:154,(anonymous_8)
FN:174,(anonymous_9)
FN:185,(anonymous_10)
FN:186,(anonymous_11)
FN:197,(anonymous_12)
FN:213,(anonymous_13)
FN:221,(anonymous_14)
FN:230,(anonymous_15)
FN:249,(anonymous_16)
FN:274,(anonymous_17)
FN:294,(anonymous_18)
FN:295,(anonymous_19)
FN:306,(anonymous_20)
FN:313,(anonymous_21)
FN:333,(anonymous_22)
FN:344,(anonymous_23)
FN:353,(anonymous_24)
FN:359,(anonymous_25)
FN:373,(anonymous_26)
FN:381,(anonymous_27)
FN:392,(anonymous_28)
FN:399,(anonymous_29)
FN:417,(anonymous_30)
FN:422,(anonymous_31)
FN:434,(anonymous_32)
FNF:33
FNH:0
FNDA:0,(anonymous_0)
FNDA:0,(anonymous_1)
FNDA:0,(anonymous_2)
FNDA:0,(anonymous_3)
FNDA:0,(anonymous_4)
FNDA:0,(anonymous_5)
FNDA:0,(anonymous_6)
FNDA:0,(anonymous_7)
FNDA:0,(anonymous_8)
FNDA:0,(anonymous_9)
FNDA:0,(anonymous_10)
FNDA:0,(anonymous_11)
FNDA:0,(anonymous_12)
FNDA:0,(anonymous_13)
FNDA:0,(anonymous_14)
FNDA:0,(anonymous_15)
FNDA:0,(anonymous_16)
FNDA:0,(anonymous_17)
FNDA:0,(anonymous_18)
FNDA:0,(anonymous_19)
FNDA:0,(anonymous_20)
FNDA:0,(anonymous_21)
FNDA:0,(anonymous_22)
FNDA:0,(anonymous_23)
FNDA:0,(anonymous_24)
FNDA:0,(anonymous_25)
FNDA:0,(anonymous_26)
FNDA:0,(anonymous_27)
FNDA:0,(anonymous_28)
FNDA:0,(anonymous_29)
FNDA:0,(anonymous_30)
FNDA:0,(anonymous_31)
FNDA:0,(anonymous_32)
DA:1,1
DA:2,1
DA:3,1
DA:4,1
DA:5,1
DA:6,1
DA:7,1
DA:8,1
DA:10,1
DA:17,1
DA:18,0
DA:19,0
DA:21,0
DA:23,0
DA:25,0
DA:27,0
DA:28,0
DA:29,0
DA:30,0
DA:31,0
DA:32,0
DA:33,0
DA:34,0
DA:37,0
DA:39,0
DA:46,0
DA:47,0
DA:50,0
DA:52,0
DA:57,0
DA:58,0
DA:59,0
DA:61,0
DA:68,0
DA:72,1
DA:73,0
DA:74,0
DA:77,0
DA:79,0
DA:81,0
DA:82,0
DA:83,0
DA:84,0
DA:90,0
DA:92,0
DA:96,0
DA:97,0
DA:98,0
DA:99,0
DA:100,0
DA:106,0
DA:110,0
DA:112,0
DA:114,0
DA:118,0
DA:122,0
DA:123,0
DA:139,0
DA:140,0
DA:142,0
DA:148,1
DA:149,0
DA:150,0
DA:151,0
DA:153,0
DA:155,0
DA:156,0
DA:157,0
DA:158,0
DA:164,0
DA:165,0
DA:167,0
DA:169,0
DA:170,0
DA:171,0
DA:172,0
DA:175,0
DA:182,0
DA:186,0
DA:187,0
DA:188,0
DA:190,0
DA:197,1
DA:198,0
DA:199,0
DA:201,0
DA:203,0
DA:204,0
DA:205,0
DA:206,0
DA:207,0
DA:208,0
DA:209,0
DA:212,0
DA:215,0
DA:216,0
DA:218,0
DA:219,0
DA:220,0
DA:223,0
DA:224,0
DA:229,0
DA:231,0
DA:239,0
DA:240,0
DA:247,0
DA:248,0
DA:250,0
DA:258,0
DA:259,0
DA:272,0
DA:276,0
DA:277,0
DA:281,0
DA:285,0
DA:289,0
DA:295,0
DA:296,0
DA:297,0
DA:299,0
DA:306,1
DA:308,0
DA:309,0
DA:310,0
DA:312,0
DA:314,0
DA:315,0
DA:316,0
DA:317,0
DA:318,0
DA:321,0
DA:322,0
DA:325,0
DA:329,0
DA:334,0
DA:340,0
DA:341,0
DA:345,0
DA:346,0
DA:348,0
DA:353,1
DA:354,0
DA:355,0
DA:356,0
DA:358,0
DA:360,0
DA:361,0
DA:362,0
DA:363,0
DA:364,0
DA:367,0
DA:368,0
DA:371,0
DA:372,0
DA:374,0
DA:375,0
DA:377,0
DA:379,0
DA:382,0
DA:383,0
DA:385,0
DA:392,1
DA:393,0
DA:394,0
DA:395,0
DA:398,0
DA:401,0
DA:402,0
DA:403,0
DA:404,0
DA:405,0
DA:408,0
DA:411,0
DA:413,0
DA:414,0
DA:415,0
DA:416,0
DA:418,0
DA:419,0
DA:423,0
DA:424,0
DA:429,0
DA:430,0
DA:435,0
DA:436,0
DA:438,0
LF:186
LH:16
BRDA:28,0,0,0
BRDA:28,0,1,0
BRDA:81,1,0,0
BRDA:81,1,1,0
BRDA:96,2,0,0
BRDA:96,2,1,0
BRDA:139,3,0,0
BRDA:139,3,1,0
BRDA:155,4,0,0
BRDA:155,4,1,0
BRDA:187,5,0,0
BRDA:187,5,1,0
BRDA:203,6,0,0
BRDA:203,6,1,0
BRDA:215,7,0,0
BRDA:215,7,1,0
BRDA:223,8,0,0
BRDA:223,8,1,0
BRDA:276,9,0,0
BRDA:276,9,1,0
BRDA:296,10,0,0
BRDA:296,10,1,0
BRDA:314,11,0,0
BRDA:314,11,1,0
BRDA:345,12,0,0
BRDA:345,12,1,0
BRDA:360,13,0,0
BRDA:360,13,1,0
BRDA:371,14,0,0
BRDA:371,14,1,0
BRDA:382,15,0,0
BRDA:382,15,1,0
BRDA:401,16,0,0
BRDA:401,16,1,0
BRDA:413,17,0,0
BRDA:413,17,1,0
BRDA:435,18,0,0
BRDA:435,18,1,0
BRF:38
BRH:0
end_of_record
TN:
SF:controllers/coursepage.js
FN:7,(anonymous_0)
FN:11,(anonymous_1)
FN:14,(anonymous_2)
FN:22,(anonymous_3)
FN:29,(anonymous_4)
FN:39,(anonymous_5)
FN:41,(anonymous_6)
FN:52,(anonymous_7)
FN:61,(anonymous_8)
FN:68,(anonymous_9)
FN:75,(anonymous_10)
FN:79,(anonymous_11)
FN:85,(anonymous_12)
FN:90,(anonymous_13)
FN:95,(anonymous_14)
FN:100,(anonymous_15)
FN:103,(anonymous_16)
FN:109,(anonymous_17)
FN:114,(anonymous_18)
FN:125,(anonymous_19)
FN:135,(anonymous_20)
FN:139,(anonymous_21)
FN:183,(anonymous_22)
FNF:23
FNH:7
FNDA:2,(anonymous_0)
FNDA:2,(anonymous_1)
FNDA:0,(anonymous_2)
FNDA:2,(anonymous_3)
FNDA:2,(anonymous_4)
FNDA:2,(anonymous_5)
FNDA:2,(anonymous_6)
FNDA:1,(anonymous_7)
FNDA:0,(anonymous_8)
FNDA:0,(anonymous_9)
FNDA:0,(anonymous_10)
FNDA:0,(anonymous_11)
FNDA:0,(anonymous_12)
FNDA:0,(anonymous_13)
FNDA:0,(anonymous_14)
FNDA:0,(anonymous_15)
FNDA:0,(anonymous_16)
FNDA:0,(anonymous_17)
FNDA:0,(anonymous_18)
FNDA:0,(anonymous_19)
FNDA:0,(anonymous_20)
FNDA:0,(anonymous_21)
FNDA:0,(anonymous_22)
DA:1,1
DA:2,1
DA:3,1
DA:4,1
DA:5,1
DA:7,1
DA:9,2
DA:10,2
DA:12,2
DA:15,0
DA:16,0
DA:22,1
DA:24,2
DA:26,2
DA:28,2
DA:30,2
DA:31,2
DA:32,2
DA:35,0
DA:36,0
DA:38,2
DA:40,2
DA:42,2
DA:43,1
DA:44,1
DA:47,0
DA:49,1
DA:50,1
DA:53,1
DA:58,2
DA:59,2
DA:63,0
DA:68,1
DA:69,0
DA:70,0
DA:72,0
DA:76,0
DA:77,0
DA:80,0
DA:81,0
DA:85,1
DA:86,0
DA:87,0
DA:89,0
DA:91,0
DA:92,0
DA:93,0
DA:96,0
DA:99,0
DA:101,0
DA:104,0
DA:105,0
DA:109,1
DA:110,0
DA:111,0
DA:113,0
DA:115,0
DA:116,0
DA:117,0
DA:118,0
DA:119,0
DA:121,0
DA:122,0
DA:123,0
DA:126,0
DA:127,0
DA:135,1
DA:136,0
DA:138,0
DA:140,0
DA:141,0
DA:144,0
DA:145,0
DA:146,0
DA:148,0
DA:149,0
DA:153,0
DA:155,0
DA:156,0
DA:157,0
DA:158,0
DA:159,0
DA:160,0
DA:161,0
DA:162,0
DA:163,0
DA:164,0
DA:165,0
DA:166,0
DA:167,0
DA:168,0
DA:169,0
DA:170,0
DA:171,0
DA:172,0
DA:173,0
DA:174,0
DA:175,0
DA:176,0
DA:177,0
DA:178,0
DA:179,0
DA:180,0
DA:181,0
DA:184,0
LF:105
LH:30
BRDA:30,0,0,2
BRDA:30,0,1,0
BRDA:42,1,0,1
BRDA:42,1,1,0
BRDA:140,2,0,0
BRDA:140,2,1,0
BRF:6
BRH:2
end_of_record
TN:
SF:controllers/googleAuth.js
FN:11,(anonymous_0)
FN:17,(anonymous_1)
FN:28,(anonymous_2)
FN:33,(anonymous_3)
FN:42,(anonymous_4)
FN:46,(anonymous_5)
FN:56,(anonymous_6)
FN:61,(anonymous_7)
FN:69,(anonymous_8)
FN:75,(anonymous_9)
FN:86,(anonymous_10)
FN:105,(anonymous_11)
FN:110,(anonymous_12)
FNF:13
FNH:0
FNDA:0,(anonymous_0)
FNDA:0,(anonymous_1)
FNDA:0,(anonymous_2)
FNDA:0,(anonymous_3)
FNDA:0,(anonymous_4)
FNDA:0,(anonymous_5)
FNDA:0,(anonymous_6)
FNDA:0,(anonymous_7)
FNDA:0,(anonymous_8)
FNDA:0,(anonymous_9)
FNDA:0,(anonymous_10)
FNDA:0,(anonymous_11)
FNDA:0,(anonymous_12)
DA:1,1
DA:2,1
DA:3,1
DA:4,1
DA:5,1
DA:8,1
DA:11,1
DA:13,0
DA:16,0
DA:18,0
DA:19,0
DA:20,0
DA:21,0
DA:22,0
DA:23,0
DA:24,0
DA:26,0
DA:27,0
DA:30,0
DA:32,0
DA:34,0
DA:41,0
DA:44,0
DA:47,0
DA:53,0
DA:57,0
DA:62,0
DA:69,1
DA:71,0
DA:74,0
DA:76,0
DA:77,0
DA:78,0
DA:79,0
DA:80,0
DA:81,0
DA:82,0
DA:84,0
DA:85,0
DA:88,0
DA:90,0
DA:94,0
DA:98,0
DA:102,0
DA:106,0
DA:111,0
LF:46
LH:8
BRDA:20,0,0,0
BRDA:20,0,1,0
BRDA:26,1,0,0
BRDA:26,1,1,0
BRDA:30,2,0,0
BRDA:30,2,1,0
BRDA:78,3,0,0
BRDA:78,3,1,0
BRDA:84,4,0,0
BRDA:84,4,1,0
BRDA:88,5,0,0
BRDA:88,5,1,0
BRF:12
BRH:0
end_of_record
TN:
SF:controllers/homepage.js
FN:5,(anonymous_0)
FN:7,(anonymous_1)
FN:11,(anonymous_2)
FN:17,(anonymous_3)
FN:24,(anonymous_4)
FN:28,(anonymous_5)
FN:36,(anonymous_6)
FN:40,(anonymous_7)
FN:46,(anonymous_8)
FN:56,(anonymous_9)
FN:59,(anonymous_10)
FN:62,(anonymous_11)
FN:72,(anonymous_12)
FN:79,(anonymous_13)
FN:87,(anonymous_14)
FN:92,(anonymous_15)
FN:98,(anonymous_16)
FNF:17
FNH:0
FNDA:0,(anonymous_0)
FNDA:0,(anonymous_1)
FNDA:0,(anonymous_2)
FNDA:0,(anonymous_3)
FNDA:0,(anonymous_4)
FNDA:0,(anonymous_5)
FNDA:0,(anonymous_6)
FNDA:0,(anonymous_7)
FNDA:0,(anonymous_8)
FNDA:0,(anonymous_9)
FNDA:0,(anonymous_10)
FNDA:0,(anonymous_11)
FNDA:0,(anonymous_12)
FNDA:0,(anonymous_13)
FNDA:0,(anonymous_14)
FNDA:0,(anonymous_15)
FNDA:0,(anonymous_16)
DA:1,1
DA:2,1
DA:5,1
DA:6,0
DA:8,0
DA:9,0
DA:12,0
DA:17,1
DA:19,0
DA:22,0
DA:23,0
DA:26,0
DA:29,0
DA:30,0
DA:35,0
DA:38,0
DA:41,0
DA:46,1
DA:47,0
DA:50,0
DA:51,0
DA:52,0
DA:53,0
DA:55,0
DA:58,0
DA:59,0
DA:61,0
DA:63,0
DA:64,0
DA:66,0
DA:68,0
DA:73,0
DA:80,0
DA:87,1
DA:88,0
DA:89,0
DA:91,0
DA:93,0
DA:94,0
DA:96,0
DA:99,0
LF:41
LH:6
BRDA:22,0,0,0
BRDA:22,0,1,0
BRDA:22,1,0,0
BRDA:22,1,1,0
BRDA:50,2,0,0
BRDA:50,2,1,0
BRDA:66,3,0,0
BRDA:66,3,1,0
BRF:8
BRH:0
end_of_record
TN:
SF:controllers/stripe.js
FN:5,(anonymous_0)
FN:8,(anonymous_1)
FN:11,(anonymous_2)
FN:17,(anonymous_3)
FN:29,(anonymous_4)
FN:35,(anonymous_5)
FNF:6
FNH:0
FNDA:0,(anonymous_0)
FNDA:0,(anonymous_1)
FNDA:0,(anonymous_2)
FNDA:0,(anonymous_3)
FNDA:0,(anonymous_4)
FNDA:0,(anonymous_5)
DA:1,1
DA:2,1
DA:3,1
DA:5,1
DA:6,0
DA:7,0
DA:9,0
DA:12,0
DA:17,1
DA:19,0
DA:20,0
DA:22,0
DA:30,0
DA:31,0
DA:36,0
DA:37,0
LF:16
LH:5
BRF:0
BRH:0
end_of_record
TN:
SF:controllers/teacher.js
FN:3,(anonymous_0)
FN:27,(anonymous_1)
FN:31,(anonymous_2)
FN:37,(anonymous_3)
FN:46,(anonymous_4)
FN:48,(anonymous_5)
FN:59,(anonymous_6)
FN:63,(anonymous_7)
FN:68,(anonymous_8)
FN:74,(anonymous_9)
FN:75,(anonymous_10)
FN:91,(anonymous_11)
FN:96,(anonymous_12)
FN:99,(anonymous_13)
FN:102,(anonymous_14)
FN:107,(anonymous_15)
FN:111,(anonymous_16)
FN:114,(anonymous_17)
FN:120,(anonymous_18)
FN:124,(anonymous_19)
FN:127,(anonymous_20)
FN:132,(anonymous_21)
FN:146,(anonymous_22)
FN:161,(anonymous_23)
FNF:24
FNH:0
FNDA:0,(anonymous_0)
FNDA:0,(anonymous_1)
FNDA:0,(anonymous_2)
FNDA:0,(anonymous_3)
FNDA:0,(anonymous_4)
FNDA:0,(anonymous_5)
FNDA:0,(anonymous_6)
FNDA:0,(anonymous_7)
FNDA:0,(anonymous_8)
FNDA:0,(anonymous_9)
FNDA:0,(anonymous_10)
FNDA:0,(anonymous_11)
FNDA:0,(anonymous_12)
FNDA:0,(anonymous_13)
FNDA:0,(anonymous_14)
FNDA:0,(anonymous_15)
FNDA:0,(anonymous_16)
FNDA:0,(anonymous_17)
FNDA:0,(anonymous_18)
FNDA:0,(anonymous_19)
FNDA:0,(anonymous_20)
FNDA:0,(anonymous_21)
FNDA:0,(anonymous_22)
FNDA:0,(anonymous_23)
DA:1,1
DA:3,1
DA:6,0
DA:7,0
DA:8,0
DA:10,0
DA:12,0
DA:26,0
DA:28,0
DA:29,0
DA:32,0
DA:37,1
DA:38,0
DA:39,0
DA:40,0
DA:43,0
DA:45,0
DA:48,0
DA:49,0
DA:53,0
DA:54,0
DA:56,0
DA:57,0
DA:58,0
DA:60,0
DA:64,0
DA:68,1
DA:69,0
DA:70,0
DA:71,0
DA:72,0
DA:73,0
DA:75,0
DA:76,0
DA:77,0
DA:78,0
DA:79,0
DA:81,0
DA:82,0
DA:84,0
DA:85,0
DA:87,0
DA:88,0
DA:89,0
DA:92,0
DA:96,1
DA:97,0
DA:98,0
DA:100,0
DA:103,0
DA:107,1
DA:108,0
DA:110,0
DA:112,0
DA:115,0
DA:120,1
DA:121,0
DA:123,0
DA:125,0
DA:128,0
DA:132,1
DA:133,0
DA:134,0
DA:135,0
DA:136,0
DA:137,0
DA:138,0
DA:139,0
DA:140,0
DA:141,0
DA:142,0
DA:145,0
DA:147,0
DA:148,0
DA:149,0
DA:150,0
DA:151,0
DA:152,0
DA:153,0
DA:154,0
DA:155,0
DA:157,0
DA:158,0
DA:162,0
LF:84
LH:8
BRDA:77,0,0,0
BRDA:77,0,1,0
BRDA:78,1,0,0
BRDA:78,1,1,0
BRF:4
BRH:0
end_of_record
TN:
SF:model/courses.js
FNF:0
FNH:0
DA:1,1
DA:2,1
DA:4,1
DA:87,1
LF:4
LH:4
BRF:0
BRH:0
end_of_record
TN:
SF:model/otp.js
FNF:0
FNH:0
DA:1,1
DA:2,1
DA:4,1
DA:21,1
LF:4
LH:4
BRF:0
BRH:0
end_of_record
TN:
SF:model/user.js
FNF:0
FNH:0
DA:1,1
DA:2,1
DA:4,1
DA:52,1
LF:4
LH:4
BRF:0
BRH:0
end_of_record
TN:
SF:routes/auth.js
FN:14,(anonymous_0)
FN:16,(anonymous_1)
FN:39,(anonymous_2)
FN:41,(anonymous_3)
FNF:4
FNH:0
FNDA:0,(anonymous_0)
FNDA:0,(anonymous_1)
FNDA:0,(anonymous_2)
FNDA:0,(anonymous_3)
DA:1,1
DA:2,1
DA:3,1
DA:4,1
DA:5,1
DA:6,1
DA:7,1
DA:9,1
DA:15,0
DA:17,0
DA:18,0
DA:34,1
DA:40,0
DA:42,0
DA:43,0
DA:49,1
DA:50,1
DA:51,1
DA:52,1
DA:53,1
DA:57,1
DA:58,1
DA:61,1
DA:64,1
LF:24
LH:18
BRDA:17,0,0,0
BRDA:17,0,1,0
BRDA:42,1,0,0
BRDA:42,1,1,0
BRF:4
BRH:0
end_of_record
TN:
SF:routes/coursepage.js
FNF:0
FNH:0
DA:1,1
DA:2,1
DA:4,1
DA:5,1
DA:8,1
DA:9,1
DA:10,1
DA:11,1
DA:12,1
DA:13,1
DA:15,1
LF:11
LH:11
BRF:0
BRH:0
end_of_record
TN:
SF:routes/homepage.js
FNF:0
FNH:0
DA:1,1
DA:2,1
DA:5,1
DA:6,1
DA:8,1
DA:9,1
DA:10,1
DA:11,1
DA:15,1
LF:9
LH:9
BRF:0
BRH:0
end_of_record
TN:
SF:routes/stripe.js
FNF:0
FNH:0
DA:1,1
DA:2,1
DA:3,1
DA:4,1
DA:7,1
DA:8,1
DA:10,1
LF:7
LH:7
BRF:0
BRH:0
end_of_record
TN:
SF:routes/teacher.js
FN:9,(anonymous_0)
FN:12,(anonymous_1)
FN:17,(anonymous_2)
FN:28,(anonymous_3)
FN:31,(anonymous_4)
FN:37,(anonymous_5)
FNF:6
FNH:0
FNDA:0,(anonymous_0)
FNDA:0,(anonymous_1)
FNDA:0,(anonymous_2)
FNDA:0,(anonymous_3)
FNDA:0,(anonymous_4)
FNDA:0,(anonymous_5)
DA:1,1
DA:2,1
DA:3,1
DA:4,1
DA:5,1
DA:8,1
DA:10,0
DA:13,0
DA:17,1
DA:18,0
DA:19,0
DA:21,0
DA:22,0
DA:27,1
DA:29,0
DA:32,0
DA:33,0
DA:37,1
DA:38,0
DA:39,0
DA:41,0
DA:42,0
DA:46,1
DA:47,1
DA:49,1
DA:50,1
DA:51,1
DA:52,1
DA:53,1
DA:54,1
DA:55,1
DA:57,1
LF:32
LH:19
BRDA:18,0,0,0
BRDA:18,0,1,0
BRDA:18,1,0,0
BRDA:18,1,1,0
BRDA:18,1,2,0
BRDA:38,2,0,0
BRDA:38,2,1,0
BRF:7
BRH:0
end_of_record
TN:
SF:tests/db.js
FN:15,(anonymous_0)
FN:38,(anonymous_1)
FN:49,(anonymous_2)
FNF:3
FNH:3
FNDA:1,(anonymous_0)
FNDA:1,(anonymous_1)
FNDA:2,(anonymous_2)
DA:2,1
DA:3,1
DA:5,1
DA:15,1
DA:16,1
DA:18,1
DA:19,1
DA:21,1
DA:31,1
DA:32,1
DA:38,1
DA:39,1
DA:41,1
DA:42,1
DA:43,1
DA:49,1
DA:50,2
DA:51,2
DA:53,2
DA:54,6
DA:55,6
LF:21
LH:21
BRDA:39,0,0,1
BRDA:39,0,1,0
BRDA:50,1,0,2
BRDA:50,1,1,0
BRF:4
BRH:2
end_of_record
